java  1.8.0_302  environment loaded 
------------------------------------------
Geoconda 3.11.9, GIS libraries for Python
https://docs.csc.fi/apps/geoconda
------------------------------------------
Job Started :Mon Sep 9 18:06:35 EEST 2024
Helsinki_H3_r5rDI_2024-08-21_B_0.csv
Helsinki_H3_r5rDI_2024-08-21_B_1.csv
Helsinki_H3_r5rDI_2024-08-21_B_10.csv
Helsinki_H3_r5rDI_2024-08-21_B_100.csv
Helsinki_H3_r5rDI_2024-08-21_B_101.csv
Helsinki_H3_r5rDI_2024-08-21_B_102.csv
Helsinki_H3_r5rDI_2024-08-21_B_103.csv
Helsinki_H3_r5rDI_2024-08-21_B_104.csv
Helsinki_H3_r5rDI_2024-08-21_B_105.csv
Helsinki_H3_r5rDI_2024-08-21_B_106.csv
Helsinki_H3_r5rDI_2024-08-21_B_107.csv
Helsinki_H3_r5rDI_2024-08-21_B_108.csv
Helsinki_H3_r5rDI_2024-08-21_B_109.csv
Helsinki_H3_r5rDI_2024-08-21_B_11.csv
Helsinki_H3_r5rDI_2024-08-21_B_110.csv
Helsinki_H3_r5rDI_2024-08-21_B_111.csv
Helsinki_H3_r5rDI_2024-08-21_B_112.csv
Helsinki_H3_r5rDI_2024-08-21_B_113.csv
Helsinki_H3_r5rDI_2024-08-21_B_114.csv
Helsinki_H3_r5rDI_2024-08-21_B_115.csv
Helsinki_H3_r5rDI_2024-08-21_B_116.csv
Helsinki_H3_r5rDI_2024-08-21_B_117.csv
Helsinki_H3_r5rDI_2024-08-21_B_118.csv
Helsinki_H3_r5rDI_2024-08-21_B_119.csv
Helsinki_H3_r5rDI_2024-08-21_B_12.csv
Helsinki_H3_r5rDI_2024-08-21_B_120.csv
Helsinki_H3_r5rDI_2024-08-21_B_121.csv
Helsinki_H3_r5rDI_2024-08-21_B_122.csv
Helsinki_H3_r5rDI_2024-08-21_B_123.csv
Helsinki_H3_r5rDI_2024-08-21_B_124.csv
Helsinki_H3_r5rDI_2024-08-21_B_125.csv
Helsinki_H3_r5rDI_2024-08-21_B_126.csv
Helsinki_H3_r5rDI_2024-08-21_B_127.csv
Helsinki_H3_r5rDI_2024-08-21_B_128.csv
Helsinki_H3_r5rDI_2024-08-21_B_129.csv
Helsinki_H3_r5rDI_2024-08-21_B_13.csv
Helsinki_H3_r5rDI_2024-08-21_B_130.csv
Helsinki_H3_r5rDI_2024-08-21_B_131.csv
Helsinki_H3_r5rDI_2024-08-21_B_132.csv
Helsinki_H3_r5rDI_2024-08-21_B_133.csv
Helsinki_H3_r5rDI_2024-08-21_B_134.csv
Helsinki_H3_r5rDI_2024-08-21_B_135.csv
Helsinki_H3_r5rDI_2024-08-21_B_136.csv
Helsinki_H3_r5rDI_2024-08-21_B_137.csv
Helsinki_H3_r5rDI_2024-08-21_B_138.csv
Helsinki_H3_r5rDI_2024-08-21_B_139.csv
Helsinki_H3_r5rDI_2024-08-21_B_14.csv
Helsinki_H3_r5rDI_2024-08-21_B_140.csv
Helsinki_H3_r5rDI_2024-08-21_B_141.csv
Helsinki_H3_r5rDI_2024-08-21_B_142.csv
Helsinki_H3_r5rDI_2024-08-21_B_143.csv
Helsinki_H3_r5rDI_2024-08-21_B_144.csv
Helsinki_H3_r5rDI_2024-08-21_B_145.csv
Helsinki_H3_r5rDI_2024-08-21_B_146.csv
Helsinki_H3_r5rDI_2024-08-21_B_147.csv
Helsinki_H3_r5rDI_2024-08-21_B_148.csv
Helsinki_H3_r5rDI_2024-08-21_B_149.csv
Helsinki_H3_r5rDI_2024-08-21_B_15.csv
Helsinki_H3_r5rDI_2024-08-21_B_150.csv
Helsinki_H3_r5rDI_2024-08-21_B_151.csv
Helsinki_H3_r5rDI_2024-08-21_B_152.csv
Helsinki_H3_r5rDI_2024-08-21_B_153.csv
Helsinki_H3_r5rDI_2024-08-21_B_154.csv
Helsinki_H3_r5rDI_2024-08-21_B_155.csv
Helsinki_H3_r5rDI_2024-08-21_B_156.csv
Helsinki_H3_r5rDI_2024-08-21_B_157.csv
Helsinki_H3_r5rDI_2024-08-21_B_158.csv
Helsinki_H3_r5rDI_2024-08-21_B_159.csv
Helsinki_H3_r5rDI_2024-08-21_B_16.csv
Helsinki_H3_r5rDI_2024-08-21_B_160.csv
Helsinki_H3_r5rDI_2024-08-21_B_161.csv
Helsinki_H3_r5rDI_2024-08-21_B_162.csv
Helsinki_H3_r5rDI_2024-08-21_B_163.csv
Helsinki_H3_r5rDI_2024-08-21_B_164.csv
Helsinki_H3_r5rDI_2024-08-21_B_165.csv
Helsinki_H3_r5rDI_2024-08-21_B_166.csv
Helsinki_H3_r5rDI_2024-08-21_B_167.csv
Helsinki_H3_r5rDI_2024-08-21_B_168.csv
Helsinki_H3_r5rDI_2024-08-21_B_169.csv
Helsinki_H3_r5rDI_2024-08-21_B_17.csv
Helsinki_H3_r5rDI_2024-08-21_B_170.csv
Helsinki_H3_r5rDI_2024-08-21_B_171.csv
Helsinki_H3_r5rDI_2024-08-21_B_172.csv
Helsinki_H3_r5rDI_2024-08-21_B_173.csv
Helsinki_H3_r5rDI_2024-08-21_B_174.csv
Helsinki_H3_r5rDI_2024-08-21_B_175.csv
Helsinki_H3_r5rDI_2024-08-21_B_176.csv
Helsinki_H3_r5rDI_2024-08-21_B_177.csv
Helsinki_H3_r5rDI_2024-08-21_B_178.csv
Helsinki_H3_r5rDI_2024-08-21_B_179.csv
Helsinki_H3_r5rDI_2024-08-21_B_18.csv
Helsinki_H3_r5rDI_2024-08-21_B_180.csv
Helsinki_H3_r5rDI_2024-08-21_B_182.csv
Helsinki_H3_r5rDI_2024-08-21_B_183.csv
Helsinki_H3_r5rDI_2024-08-21_B_184.csv
Helsinki_H3_r5rDI_2024-08-21_B_185.csv
Helsinki_H3_r5rDI_2024-08-21_B_186.csv
Helsinki_H3_r5rDI_2024-08-21_B_187.csv
Helsinki_H3_r5rDI_2024-08-21_B_188.csv
Helsinki_H3_r5rDI_2024-08-21_B_189.csv
Helsinki_H3_r5rDI_2024-08-21_B_19.csv
Helsinki_H3_r5rDI_2024-08-21_B_190.csv
Helsinki_H3_r5rDI_2024-08-21_B_191.csv
Helsinki_H3_r5rDI_2024-08-21_B_192.csv
Helsinki_H3_r5rDI_2024-08-21_B_193.csv
Helsinki_H3_r5rDI_2024-08-21_B_194.csv
Helsinki_H3_r5rDI_2024-08-21_B_195.csv
Helsinki_H3_r5rDI_2024-08-21_B_196.csv
Helsinki_H3_r5rDI_2024-08-21_B_197.csv
Helsinki_H3_r5rDI_2024-08-21_B_198.csv
Helsinki_H3_r5rDI_2024-08-21_B_199.csv
Helsinki_H3_r5rDI_2024-08-21_B_2.csv
Helsinki_H3_r5rDI_2024-08-21_B_20.csv
Helsinki_H3_r5rDI_2024-08-21_B_200.csv
Helsinki_H3_r5rDI_2024-08-21_B_21.csv
Helsinki_H3_r5rDI_2024-08-21_B_22.csv
Helsinki_H3_r5rDI_2024-08-21_B_23.csv
Helsinki_H3_r5rDI_2024-08-21_B_24.csv
Helsinki_H3_r5rDI_2024-08-21_B_25.csv
Helsinki_H3_r5rDI_2024-08-21_B_26.csv
Helsinki_H3_r5rDI_2024-08-21_B_27.csv
Helsinki_H3_r5rDI_2024-08-21_B_28.csv
Helsinki_H3_r5rDI_2024-08-21_B_29.csv
Helsinki_H3_r5rDI_2024-08-21_B_3.csv
Helsinki_H3_r5rDI_2024-08-21_B_30.csv
Helsinki_H3_r5rDI_2024-08-21_B_31.csv
Helsinki_H3_r5rDI_2024-08-21_B_32.csv
Helsinki_H3_r5rDI_2024-08-21_B_33.csv
Helsinki_H3_r5rDI_2024-08-21_B_34.csv
Helsinki_H3_r5rDI_2024-08-21_B_35.csv
Helsinki_H3_r5rDI_2024-08-21_B_36.csv
Helsinki_H3_r5rDI_2024-08-21_B_37.csv
Helsinki_H3_r5rDI_2024-08-21_B_38.csv
Helsinki_H3_r5rDI_2024-08-21_B_39.csv
Helsinki_H3_r5rDI_2024-08-21_B_4.csv
Helsinki_H3_r5rDI_2024-08-21_B_40.csv
Helsinki_H3_r5rDI_2024-08-21_B_41.csv
Helsinki_H3_r5rDI_2024-08-21_B_42.csv
Helsinki_H3_r5rDI_2024-08-21_B_43.csv
Helsinki_H3_r5rDI_2024-08-21_B_44.csv
Helsinki_H3_r5rDI_2024-08-21_B_45.csv
Helsinki_H3_r5rDI_2024-08-21_B_46.csv
Helsinki_H3_r5rDI_2024-08-21_B_47.csv
Helsinki_H3_r5rDI_2024-08-21_B_48.csv
Helsinki_H3_r5rDI_2024-08-21_B_49.csv
Helsinki_H3_r5rDI_2024-08-21_B_5.csv
Helsinki_H3_r5rDI_2024-08-21_B_50.csv
Helsinki_H3_r5rDI_2024-08-21_B_51.csv
Helsinki_H3_r5rDI_2024-08-21_B_52.csv
Helsinki_H3_r5rDI_2024-08-21_B_53.csv
Helsinki_H3_r5rDI_2024-08-21_B_54.csv
Helsinki_H3_r5rDI_2024-08-21_B_55.csv
Helsinki_H3_r5rDI_2024-08-21_B_56.csv
Helsinki_H3_r5rDI_2024-08-21_B_57.csv
Helsinki_H3_r5rDI_2024-08-21_B_58.csv
Helsinki_H3_r5rDI_2024-08-21_B_59.csv
Helsinki_H3_r5rDI_2024-08-21_B_6.csv
Helsinki_H3_r5rDI_2024-08-21_B_60.csv
Helsinki_H3_r5rDI_2024-08-21_B_61.csv
Helsinki_H3_r5rDI_2024-08-21_B_62.csv
Helsinki_H3_r5rDI_2024-08-21_B_63.csv
Helsinki_H3_r5rDI_2024-08-21_B_64.csv
Helsinki_H3_r5rDI_2024-08-21_B_65.csv
Helsinki_H3_r5rDI_2024-08-21_B_66.csv
Helsinki_H3_r5rDI_2024-08-21_B_67.csv
Helsinki_H3_r5rDI_2024-08-21_B_68.csv
Helsinki_H3_r5rDI_2024-08-21_B_69.csv
Helsinki_H3_r5rDI_2024-08-21_B_7.csv
Helsinki_H3_r5rDI_2024-08-21_B_70.csv
Helsinki_H3_r5rDI_2024-08-21_B_71.csv
Helsinki_H3_r5rDI_2024-08-21_B_72.csv
Helsinki_H3_r5rDI_2024-08-21_B_73.csv
Helsinki_H3_r5rDI_2024-08-21_B_74.csv
Helsinki_H3_r5rDI_2024-08-21_B_75.csv
Helsinki_H3_r5rDI_2024-08-21_B_76.csv
Helsinki_H3_r5rDI_2024-08-21_B_77.csv
Helsinki_H3_r5rDI_2024-08-21_B_78.csv
Helsinki_H3_r5rDI_2024-08-21_B_79.csv
Helsinki_H3_r5rDI_2024-08-21_B_8.csv
Helsinki_H3_r5rDI_2024-08-21_B_80.csv
Helsinki_H3_r5rDI_2024-08-21_B_81.csv
Helsinki_H3_r5rDI_2024-08-21_B_82.csv
Helsinki_H3_r5rDI_2024-08-21_B_83.csv
Helsinki_H3_r5rDI_2024-08-21_B_84.csv
Helsinki_H3_r5rDI_2024-08-21_B_85.csv
Helsinki_H3_r5rDI_2024-08-21_B_86.csv
Helsinki_H3_r5rDI_2024-08-21_B_87.csv
Helsinki_H3_r5rDI_2024-08-21_B_88.csv
Helsinki_H3_r5rDI_2024-08-21_B_89.csv
Helsinki_H3_r5rDI_2024-08-21_B_9.csv
Helsinki_H3_r5rDI_2024-08-21_B_90.csv
Helsinki_H3_r5rDI_2024-08-21_B_91.csv
Helsinki_H3_r5rDI_2024-08-21_B_92.csv
Helsinki_H3_r5rDI_2024-08-21_B_93.csv
Helsinki_H3_r5rDI_2024-08-21_B_94.csv
Helsinki_H3_r5rDI_2024-08-21_B_95.csv
Helsinki_H3_r5rDI_2024-08-21_B_96.csv
Helsinki_H3_r5rDI_2024-08-21_B_97.csv
Helsinki_H3_r5rDI_2024-08-21_B_98.csv
Helsinki_H3_r5rDI_2024-08-21_B_99.csv
Helsinki_H3_r5rDI_2024-08-22_B_201.csv
Helsinki_H3_r5rDI_2024-08-22_B_202.csv
Helsinki_H3_r5rDI_2024-08-22_B_203.csv
Helsinki_H3_r5rDI_2024-08-22_B_204.csv
Helsinki_H3_r5rDI_2024-08-22_B_205.csv
Helsinki_H3_r5rDI_2024-08-22_B_206.csv
Helsinki_H3_r5rDI_2024-08-22_B_207.csv
Helsinki_H3_r5rDI_2024-08-22_B_208.csv
Helsinki_H3_r5rDI_2024-08-22_B_209.csv
Helsinki_H3_r5rDI_2024-08-22_B_210.csv
Helsinki_H3_r5rDI_2024-08-22_B_211.csv
Helsinki_H3_r5rDI_2024-08-22_B_212.csv
Helsinki_H3_r5rDI_2024-08-22_B_213.csv
Helsinki_H3_r5rDI_2024-08-22_B_214.csv
Helsinki_H3_r5rDI_2024-08-22_B_215.csv
Helsinki_H3_r5rDI_2024-08-22_B_216.csv
Helsinki_H3_r5rDI_2024-08-22_B_217.csv
Helsinki_H3_r5rDI_2024-08-22_B_218.csv
Helsinki_H3_r5rDI_2024-08-22_B_219.csv
Helsinki_H3_r5rDI_2024-08-22_B_220.csv
Helsinki_H3_r5rDI_2024-08-22_B_221.csv
Helsinki_H3_r5rDI_2024-08-22_B_222.csv
Helsinki_H3_r5rDI_2024-08-22_B_223.csv
Helsinki_H3_r5rDI_2024-08-22_B_224.csv
Helsinki_H3_r5rDI_2024-08-22_B_225.csv
Helsinki_H3_r5rDI_2024-08-22_B_226.csv
Helsinki_H3_r5rDI_2024-08-22_B_227.csv
Helsinki_H3_r5rDI_2024-08-22_B_228.csv
Helsinki_H3_r5rDI_2024-08-22_B_229.csv
Helsinki_H3_r5rDI_2024-08-22_B_230.csv
Helsinki_H3_r5rDI_2024-08-22_B_231.csv
Helsinki_H3_r5rDI_2024-08-22_B_232.csv
Helsinki_H3_r5rDI_2024-08-22_B_233.csv
Helsinki_H3_r5rDI_2024-08-22_B_234.csv
Helsinki_H3_r5rDI_2024-08-22_B_235.csv
Helsinki_H3_r5rDI_2024-08-22_B_236.csv
Helsinki_H3_r5rDI_2024-08-22_B_237.csv
Helsinki_H3_r5rDI_2024-08-22_B_238.csv
Helsinki_H3_r5rDI_2024-08-22_B_239.csv
Helsinki_H3_r5rDI_2024-08-22_B_240.csv
Helsinki_H3_r5rDI_2024-08-22_B_241.csv
Helsinki_H3_r5rDI_2024-08-22_B_242.csv
Helsinki_H3_r5rDI_2024-08-22_B_243.csv
Helsinki_H3_r5rDI_2024-08-22_B_244.csv
Helsinki_H3_r5rDI_2024-08-22_B_245.csv
Helsinki_H3_r5rDI_2024-08-22_B_246.csv
Helsinki_H3_r5rDI_2024-08-22_B_247.csv
Helsinki_H3_r5rDI_2024-08-22_B_248.csv
Helsinki_H3_r5rDI_2024-08-22_B_249.csv
Helsinki_H3_r5rDI_2024-08-22_B_250.csv
Helsinki_H3_r5rDI_2024-08-22_B_251.csv
Helsinki_H3_r5rDI_2024-08-22_B_252.csv
Helsinki_H3_r5rDI_2024-08-22_B_253.csv
Helsinki_H3_r5rDI_2024-08-22_B_254.csv
Helsinki_H3_r5rDI_2024-08-22_B_255.csv
Helsinki_H3_r5rDI_2024-08-22_B_256.csv
Helsinki_H3_r5rDI_2024-08-22_B_257.csv
Helsinki_H3_r5rDI_2024-08-22_B_258.csv
Helsinki_H3_r5rDI_2024-08-22_B_259.csv
Helsinki_H3_r5rDI_2024-08-22_B_260.csv
Helsinki_H3_r5rDI_2024-08-22_B_261.csv
Helsinki_H3_r5rDI_2024-08-22_B_262.csv
Helsinki_H3_r5rDI_2024-08-22_B_263.csv
Helsinki_H3_r5rDI_2024-08-22_B_264.csv
Helsinki_H3_r5rDI_2024-08-22_B_265.csv
Helsinki_H3_r5rDI_2024-08-22_B_266.csv
Helsinki_H3_r5rDI_2024-08-22_B_267.csv
Helsinki_H3_r5rDI_2024-08-22_B_268.csv
Helsinki_H3_r5rDI_2024-08-22_B_269.csv
Helsinki_H3_r5rDI_2024-08-22_B_270.csv
Helsinki_H3_r5rDI_2024-08-22_B_271.csv
Helsinki_H3_r5rDI_2024-08-22_B_272.csv
Helsinki_H3_r5rDI_2024-08-22_B_273.csv
Helsinki_H3_r5rDI_2024-08-22_B_274.csv
Helsinki_H3_r5rDI_2024-08-22_B_275.csv
Helsinki_H3_r5rDI_2024-08-22_B_276.csv
Helsinki_H3_r5rDI_2024-08-22_B_277.csv
Helsinki_H3_r5rDI_2024-08-22_B_278.csv
Helsinki_H3_r5rDI_2024-08-22_B_279.csv
Helsinki_H3_r5rDI_2024-08-22_B_280.csv
Helsinki_H3_r5rDI_2024-08-22_B_281.csv
Helsinki_H3_r5rDI_2024-08-22_B_282.csv
Helsinki_H3_r5rDI_2024-08-22_B_283.csv
Helsinki_H3_r5rDI_2024-08-22_B_284.csv
Helsinki_H3_r5rDI_2024-08-22_B_285.csv
Helsinki_H3_r5rDI_2024-08-23_B_286.csv
Helsinki_H3_r5rDI_2024-08-23_B_287.csv
Helsinki_H3_r5rDI_2024-08-23_B_288.csv
Helsinki_H3_r5rDI_2024-08-23_B_289.csv
Helsinki_H3_r5rDI_2024-08-23_B_290.csv
Helsinki_H3_r5rDI_2024-08-23_B_291.csv
Helsinki_H3_r5rDI_2024-08-23_B_292.csv
Helsinki_H3_r5rDI_2024-08-23_B_293.csv
Helsinki_H3_r5rDI_2024-08-23_B_294.csv
Helsinki_H3_r5rDI_2024-08-23_B_295.csv
Helsinki_H3_r5rDI_2024-08-23_B_296.csv
Helsinki_H3_r5rDI_2024-08-23_B_297.csv
Helsinki_H3_r5rDI_2024-08-23_B_298.csv
Helsinki_H3_r5rDI_2024-08-23_B_299.csv
Helsinki_H3_r5rDI_2024-08-23_B_300.csv
Helsinki_H3_r5rDI_2024-09-03_B_1201.csv
Helsinki_H3_r5rDI_2024-09-03_B_1202.csv
Helsinki_H3_r5rDI_2024-09-03_B_1203.csv
Helsinki_H3_r5rDI_2024-09-03_B_1204.csv
Helsinki_H3_r5rDI_2024-09-03_B_1205.csv
Helsinki_H3_r5rDI_2024-09-03_B_1206.csv
Helsinki_H3_r5rDI_2024-09-03_B_1207.csv
Helsinki_H3_r5rDI_2024-09-03_B_1208.csv
Helsinki_H3_r5rDI_2024-09-03_B_1209.csv
Helsinki_H3_r5rDI_2024-09-03_B_1210.csv
Helsinki_H3_r5rDI_2024-09-03_B_1211.csv
Helsinki_H3_r5rDI_2024-09-03_B_1212.csv
Helsinki_H3_r5rDI_2024-09-03_B_1213.csv
Helsinki_H3_r5rDI_2024-09-03_B_1214.csv
Helsinki_H3_r5rDI_2024-09-03_B_1215.csv
Helsinki_H3_r5rDI_2024-09-03_B_1216.csv
Helsinki_H3_r5rDI_2024-09-03_B_1217.csv
Helsinki_H3_r5rDI_2024-09-03_B_1218.csv
Helsinki_H3_r5rDI_2024-09-03_B_1219.csv
Helsinki_H3_r5rDI_2024-09-03_B_1220.csv
Helsinki_H3_r5rDI_2024-09-03_B_1221.csv
Helsinki_H3_r5rDI_2024-09-03_B_1222.csv
Helsinki_H3_r5rDI_2024-09-03_B_1223.csv
Helsinki_H3_r5rDI_2024-09-03_B_1224.csv
Helsinki_H3_r5rDI_2024-09-03_B_1225.csv
Helsinki_H3_r5rDI_2024-09-03_B_1226.csv
Helsinki_H3_r5rDI_2024-09-03_B_1227.csv
Helsinki_H3_r5rDI_2024-09-03_B_1228.csv
Helsinki_H3_r5rDI_2024-09-03_B_1229.csv
Helsinki_H3_r5rDI_2024-09-03_B_1230.csv
Helsinki_H3_r5rDI_2024-09-03_B_1231.csv
Helsinki_H3_r5rDI_2024-09-03_B_1232.csv
Helsinki_H3_r5rDI_2024-09-03_B_1233.csv
Helsinki_H3_r5rDI_2024-09-03_B_1234.csv
Helsinki_H3_r5rDI_2024-09-03_B_1235.csv
Helsinki_H3_r5rDI_2024-09-03_B_1236.csv
Helsinki_H3_r5rDI_2024-09-03_B_1237.csv
Helsinki_H3_r5rDI_2024-09-03_B_1238.csv
Helsinki_H3_r5rDI_2024-09-03_B_1239.csv
Helsinki_H3_r5rDI_2024-09-03_B_1241.csv
Helsinki_H3_r5rDI_2024-09-03_B_1242.csv
Helsinki_H3_r5rDI_2024-09-03_B_1243.csv
Helsinki_H3_r5rDI_2024-09-03_B_1244.csv
Helsinki_H3_r5rDI_2024-09-03_B_1245.csv
Helsinki_H3_r5rDI_2024-09-03_B_1246.csv
Helsinki_H3_r5rDI_2024-09-03_B_1247.csv
Helsinki_H3_r5rDI_2024-09-03_B_1248.csv
Helsinki_H3_r5rDI_2024-09-03_B_1249.csv
Helsinki_H3_r5rDI_2024-09-03_B_1250.csv
Helsinki_H3_r5rDI_2024-09-03_B_1251.csv
Helsinki_H3_r5rDI_2024-09-03_B_1252.csv
Helsinki_H3_r5rDI_2024-09-03_B_1253.csv
Helsinki_H3_r5rDI_2024-09-03_B_1254.csv
Helsinki_H3_r5rDI_2024-09-03_B_1255.csv
Helsinki_H3_r5rDI_2024-09-03_B_1256.csv
Helsinki_H3_r5rDI_2024-09-03_B_1257.csv
Helsinki_H3_r5rDI_2024-09-03_B_1258.csv
Helsinki_H3_r5rDI_2024-09-03_B_1259.csv
Helsinki_H3_r5rDI_2024-09-03_B_1260.csv
Helsinki_H3_r5rDI_2024-09-03_B_1261.csv
Helsinki_H3_r5rDI_2024-09-03_B_1262.csv
Helsinki_H3_r5rDI_2024-09-03_B_1263.csv
Helsinki_H3_r5rDI_2024-09-03_B_1264.csv
Helsinki_H3_r5rDI_2024-09-03_B_1265.csv
Helsinki_H3_r5rDI_2024-09-03_B_1266.csv
Helsinki_H3_r5rDI_2024-09-03_B_1267.csv
Helsinki_H3_r5rDI_2024-09-03_B_1268.csv
Helsinki_H3_r5rDI_2024-09-03_B_1269.csv
Helsinki_H3_r5rDI_2024-09-03_B_1270.csv
Helsinki_H3_r5rDI_2024-09-03_B_1271.csv
Helsinki_H3_r5rDI_2024-09-03_B_1272.csv
Helsinki_H3_r5rDI_2024-09-03_B_1273.csv
Helsinki_H3_r5rDI_2024-09-03_B_1274.csv
Helsinki_H3_r5rDI_2024-09-03_B_1275.csv
Helsinki_H3_r5rDI_2024-09-03_B_1276.csv
Helsinki_H3_r5rDI_2024-09-03_B_1277.csv
Helsinki_H3_r5rDI_2024-09-03_B_1278.csv
Helsinki_H3_r5rDI_2024-09-03_B_1279.csv
Helsinki_H3_r5rDI_2024-09-03_B_1280.csv
Helsinki_H3_r5rDI_2024-09-03_B_1281.csv
Helsinki_H3_r5rDI_2024-09-03_B_1282.csv
Helsinki_H3_r5rDI_2024-09-03_B_1283.csv
Helsinki_H3_r5rDI_2024-09-03_B_1284.csv
Helsinki_H3_r5rDI_2024-09-03_B_1285.csv
Helsinki_H3_r5rDI_2024-09-03_B_1286.csv
Helsinki_H3_r5rDI_2024-09-03_B_1287.csv
Helsinki_H3_r5rDI_2024-09-03_B_1288.csv
Helsinki_H3_r5rDI_2024-09-03_B_1289.csv
Helsinki_H3_r5rDI_2024-09-03_B_1290.csv
Helsinki_H3_r5rDI_2024-09-03_B_1291.csv
Helsinki_H3_r5rDI_2024-09-03_B_1292.csv
Helsinki_H3_r5rDI_2024-09-03_B_1293.csv
Helsinki_H3_r5rDI_2024-09-03_B_1294.csv
Helsinki_H3_r5rDI_2024-09-03_B_1295.csv
Helsinki_H3_r5rDI_2024-09-03_B_1296.csv
Helsinki_H3_r5rDI_2024-09-03_B_1297.csv
Helsinki_H3_r5rDI_2024-09-03_B_1298.csv
Helsinki_H3_r5rDI_2024-09-03_B_1299.csv
Helsinki_H3_r5rDI_2024-09-03_B_1300.csv
Helsinki_H3_r5rDI_2024-09-03_B_1301.csv
Helsinki_H3_r5rDI_2024-09-03_B_1302.csv
Helsinki_H3_r5rDI_2024-09-03_B_1303.csv
Helsinki_H3_r5rDI_2024-09-03_B_1304.csv
Helsinki_H3_r5rDI_2024-09-03_B_1305.csv
Helsinki_H3_r5rDI_2024-09-03_B_1306.csv
Helsinki_H3_r5rDI_2024-09-03_B_1307.csv
Helsinki_H3_r5rDI_2024-09-03_B_1308.csv
Helsinki_H3_r5rDI_2024-09-03_B_1309.csv
Helsinki_H3_r5rDI_2024-09-03_B_1310.csv
Helsinki_H3_r5rDI_2024-09-03_B_1311.csv
Helsinki_H3_r5rDI_2024-09-03_B_1312.csv
Helsinki_H3_r5rDI_2024-09-03_B_1313.csv
Helsinki_H3_r5rDI_2024-09-03_B_1314.csv
Helsinki_H3_r5rDI_2024-09-03_B_1315.csv
Helsinki_H3_r5rDI_2024-09-03_B_1316.csv
Helsinki_H3_r5rDI_2024-09-03_B_1317.csv
Helsinki_H3_r5rDI_2024-09-03_B_1318.csv
Helsinki_H3_r5rDI_2024-09-03_B_1319.csv
Helsinki_H3_r5rDI_2024-09-03_B_1320.csv
Helsinki_H3_r5rDI_2024-09-03_B_1321.csv
Helsinki_H3_r5rDI_2024-09-03_B_1323.csv
Helsinki_H3_r5rDI_2024-09-03_B_1324.csv
Helsinki_H3_r5rDI_2024-09-03_B_1325.csv
Helsinki_H3_r5rDI_2024-09-03_B_1326.csv
Helsinki_H3_r5rDI_2024-09-03_B_1327.csv
Helsinki_H3_r5rDI_2024-09-03_B_1328.csv
Helsinki_H3_r5rDI_2024-09-03_B_1329.csv
Helsinki_H3_r5rDI_2024-09-03_B_1330.csv
Helsinki_H3_r5rDI_2024-09-03_B_1331.csv
Helsinki_H3_r5rDI_2024-09-03_B_1332.csv
Helsinki_H3_r5rDI_2024-09-03_B_1333.csv
Helsinki_H3_r5rDI_2024-09-03_B_1334.csv
Helsinki_H3_r5rDI_2024-09-03_B_1335.csv
Helsinki_H3_r5rDI_2024-09-03_B_1336.csv
Helsinki_H3_r5rDI_2024-09-03_B_1337.csv
Helsinki_H3_r5rDI_2024-09-03_B_1338.csv
Helsinki_H3_r5rDI_2024-09-03_B_1339.csv
Helsinki_H3_r5rDI_2024-09-03_B_1340.csv
Helsinki_H3_r5rDI_2024-09-03_B_1341.csv
Helsinki_H3_r5rDI_2024-09-03_B_1342.csv
Helsinki_H3_r5rDI_2024-09-03_B_1343.csv
Helsinki_H3_r5rDI_2024-09-03_B_1344.csv
Helsinki_H3_r5rDI_2024-09-03_B_1345.csv
Helsinki_H3_r5rDI_2024-09-03_B_1346.csv
Helsinki_H3_r5rDI_2024-09-03_B_1347.csv
Helsinki_H3_r5rDI_2024-09-03_B_1348.csv
Helsinki_H3_r5rDI_2024-09-03_B_1349.csv
Helsinki_H3_r5rDI_2024-09-03_B_1350.csv
Helsinki_H3_r5rDI_2024-09-03_B_1351.csv
Helsinki_H3_r5rDI_2024-09-03_B_1352.csv
Helsinki_H3_r5rDI_2024-09-03_B_1353.csv
Helsinki_H3_r5rDI_2024-09-03_B_1354.csv
Helsinki_H3_r5rDI_2024-09-03_B_1355.csv
Helsinki_H3_r5rDI_2024-09-03_B_1356.csv
Helsinki_H3_r5rDI_2024-09-03_B_1357.csv
Helsinki_H3_r5rDI_2024-09-03_B_1358.csv
Helsinki_H3_r5rDI_2024-09-03_B_1359.csv
Helsinki_H3_r5rDI_2024-09-03_B_1360.csv
Helsinki_H3_r5rDI_2024-09-03_B_1361.csv
Helsinki_H3_r5rDI_2024-09-03_B_1362.csv
Helsinki_H3_r5rDI_2024-09-03_B_1363.csv
Helsinki_H3_r5rDI_2024-09-03_B_1364.csv
Helsinki_H3_r5rDI_2024-09-03_B_1365.csv
Helsinki_H3_r5rDI_2024-09-03_B_1366.csv
Helsinki_H3_r5rDI_2024-09-03_B_1367.csv
Helsinki_H3_r5rDI_2024-09-03_B_1368.csv
Helsinki_H3_r5rDI_2024-09-03_B_1369.csv
Helsinki_H3_r5rDI_2024-09-03_B_1370.csv
Helsinki_H3_r5rDI_2024-09-03_B_1371.csv
Helsinki_H3_r5rDI_2024-09-03_B_1372.csv
Helsinki_H3_r5rDI_2024-09-03_B_1373.csv
Helsinki_H3_r5rDI_2024-09-03_B_1374.csv
Helsinki_H3_r5rDI_2024-09-03_B_1375.csv
Helsinki_H3_r5rDI_2024-09-03_B_1376.csv
Helsinki_H3_r5rDI_2024-09-03_B_1377.csv
Helsinki_H3_r5rDI_2024-09-03_B_1378.csv
Helsinki_H3_r5rDI_2024-09-03_B_1379.csv
Helsinki_H3_r5rDI_2024-09-03_B_1380.csv
Helsinki_H3_r5rDI_2024-09-03_B_1381.csv
Helsinki_H3_r5rDI_2024-09-03_B_1382.csv
Helsinki_H3_r5rDI_2024-09-03_B_1383.csv
Helsinki_H3_r5rDI_2024-09-03_B_1384.csv
Helsinki_H3_r5rDI_2024-09-03_B_1385.csv
Helsinki_H3_r5rDI_2024-09-03_B_1386.csv
Helsinki_H3_r5rDI_2024-09-03_B_1387.csv
Helsinki_H3_r5rDI_2024-09-03_B_1388.csv
Helsinki_H3_r5rDI_2024-09-03_B_1389.csv
Helsinki_H3_r5rDI_2024-09-03_B_1390.csv
Helsinki_H3_r5rDI_2024-09-03_B_1391.csv
Helsinki_H3_r5rDI_2024-09-04_B_1392.csv
Helsinki_H3_r5rDI_2024-09-04_B_1393.csv
Helsinki_H3_r5rDI_2024-09-04_B_1394.csv
Helsinki_H3_r5rDI_2024-09-04_B_1395.csv
Helsinki_H3_r5rDI_2024-09-04_B_1396.csv
Helsinki_H3_r5rDI_2024-09-04_B_1397.csv
Helsinki_H3_r5rDI_2024-09-04_B_1398.csv
Helsinki_H3_r5rDI_2024-09-04_B_1399.csv
Helsinki_H3_r5rDI_2024-09-04_B_1400.csv
Helsinki_H3_r5rDI_2024-09-04_B_1401.csv
Helsinki_H3_r5rDI_2024-09-04_B_1402.csv
Helsinki_H3_r5rDI_2024-09-04_B_1403.csv
Helsinki_H3_r5rDI_2024-09-04_B_1404.csv
Helsinki_H3_r5rDI_2024-09-04_B_1405.csv
Helsinki_H3_r5rDI_2024-09-04_B_1406.csv
Helsinki_H3_r5rDI_2024-09-04_B_1407.csv
Helsinki_H3_r5rDI_2024-09-04_B_1409.csv
Helsinki_H3_r5rDI_2024-09-04_B_1410.csv
Helsinki_H3_r5rDI_2024-09-04_B_1411.csv
Helsinki_H3_r5rDI_2024-09-04_B_1412.csv
Helsinki_H3_r5rDI_2024-09-04_B_1413.csv
Helsinki_H3_r5rDI_2024-09-04_B_1414.csv
Helsinki_H3_r5rDI_2024-09-04_B_1415.csv
Helsinki_H3_r5rDI_2024-09-04_B_1416.csv
Helsinki_H3_r5rDI_2024-09-04_B_1417.csv
Helsinki_H3_r5rDI_2024-09-05_B_1418.csv
Helsinki_H3_r5rDI_2024-09-05_B_1419.csv
Helsinki_H3_r5rDI_2024-09-05_B_1420.csv
Helsinki_H3_r5rDI_2024-09-05_B_1421.csv
Helsinki_H3_r5rDI_2024-09-05_B_1422.csv
Helsinki_H3_r5rDI_2024-09-05_B_1423.csv
Helsinki_H3_r5rDI_2024-09-05_B_1424.csv
Helsinki_H3_r5rDI_2024-09-05_B_1425.csv
Helsinki_H3_r5rDI_2024-09-05_B_1426.csv
Helsinki_H3_r5rDI_2024-09-05_B_1427.csv
Helsinki_H3_r5rDI_2024-09-05_B_1428.csv
Helsinki_H3_r5rDI_2024-09-05_B_1429.csv
Helsinki_H3_r5rDI_2024-09-05_B_1430.csv
Helsinki_H3_r5rDI_2024-09-05_B_1431.csv
Helsinki_H3_r5rDI_2024-09-05_B_1432.csv
Helsinki_H3_r5rDI_2024-09-05_B_1433.csv
Helsinki_H3_r5rDI_2024-09-05_B_1434.csv
Helsinki_H3_r5rDI_2024-09-05_B_1435.csv
Helsinki_H3_r5rDI_2024-09-05_B_1436.csv
Helsinki_H3_r5rDI_2024-09-05_B_1437.csv
Helsinki_H3_r5rDI_2024-09-05_B_1438.csv
Helsinki_H3_r5rDI_2024-09-05_B_1439.csv
Helsinki_H3_r5rDI_2024-09-05_B_1440.csv
Helsinki_H3_r5rDI_2024-09-05_B_1441.csv
Helsinki_H3_r5rDI_2024-09-05_B_1442.csv
Helsinki_H3_r5rDI_2024-09-05_B_1443.csv
Helsinki_H3_r5rDI_2024-09-05_B_1444.csv
Helsinki_H3_r5rDI_2024-09-05_B_1445.csv
Helsinki_H3_r5rDI_2024-09-05_B_1446.csv
Helsinki_H3_r5rDI_2024-09-05_B_1447.csv
Helsinki_H3_r5rDI_2024-09-05_B_1448.csv
Helsinki_H3_r5rDI_2024-09-05_B_1449.csv
Helsinki_H3_r5rDI_2024-09-05_B_1450.csv
Helsinki_H3_r5rDI_2024-09-05_B_1451.csv
Helsinki_H3_r5rDI_2024-09-05_B_1452.csv
Helsinki_H3_r5rDI_2024-09-05_B_1453.csv
Helsinki_H3_r5rDI_2024-09-05_B_1454.csv
Helsinki_H3_r5rDI_2024-09-05_B_1455.csv
Helsinki_H3_r5rDI_2024-09-05_B_1456.csv
Helsinki_H3_r5rDI_2024-09-05_B_1457.csv
Helsinki_H3_r5rDI_2024-09-05_B_1458.csv
Helsinki_H3_r5rDI_2024-09-05_B_1459.csv
Helsinki_H3_r5rDI_2024-09-05_B_1460.csv
Helsinki_H3_r5rDI_2024-09-05_B_1461.csv
Helsinki_H3_r5rDI_2024-09-05_B_1462.csv
Helsinki_H3_r5rDI_2024-09-05_B_1463.csv
Helsinki_H3_r5rDI_2024-09-05_B_1464.csv
Helsinki_H3_r5rDI_2024-09-05_B_1465.csv
Helsinki_H3_r5rDI_2024-09-05_B_1466.csv
Helsinki_H3_r5rDI_2024-09-05_B_1467.csv
Helsinki_H3_r5rDI_2024-09-05_B_1468.csv
Helsinki_H3_r5rDI_2024-09-05_B_1469.csv
Helsinki_H3_r5rDI_2024-09-05_B_1470.csv
Helsinki_H3_r5rDI_2024-09-05_B_1471.csv
Helsinki_H3_r5rDI_2024-09-05_B_1472.csv
Helsinki_H3_r5rDI_2024-09-05_B_1473.csv
Helsinki_H3_r5rDI_2024-09-05_B_1474.csv
Helsinki_H3_r5rDI_2024-09-05_B_1475.csv
Helsinki_H3_r5rDI_2024-09-05_B_1476.csv
Helsinki_H3_r5rDI_2024-09-05_B_1477.csv
Helsinki_H3_r5rDI_2024-09-05_B_1478.csv
Helsinki_H3_r5rDI_2024-09-05_B_1479.csv
Helsinki_H3_r5rDI_2024-09-05_B_1480.csv
Helsinki_H3_r5rDI_2024-09-05_B_1481.csv
Helsinki_H3_r5rDI_2024-09-05_B_1482.csv
Helsinki_H3_r5rDI_2024-09-05_B_1483.csv
Helsinki_H3_r5rDI_2024-09-05_B_1484.csv
Helsinki_H3_r5rDI_2024-09-05_B_1485.csv
Helsinki_H3_r5rDI_2024-09-05_B_1486.csv
Helsinki_H3_r5rDI_2024-09-05_B_1487.csv
Helsinki_H3_r5rDI_2024-09-05_B_1488.csv
Helsinki_H3_r5rDI_2024-09-05_B_1489.csv
Helsinki_H3_r5rDI_2024-09-05_B_1490.csv
Helsinki_H3_r5rDI_2024-09-05_B_1491.csv
Helsinki_H3_r5rDI_2024-09-05_B_1492.csv
Helsinki_H3_r5rDI_2024-09-05_B_1493.csv
Helsinki_H3_r5rDI_2024-09-05_B_1494.csv
Helsinki_H3_r5rDI_2024-09-05_B_1495.csv
Helsinki_H3_r5rDI_2024-09-05_B_1496.csv
Helsinki_H3_r5rDI_2024-09-05_B_1497.csv
Helsinki_H3_r5rDI_2024-09-05_B_1498.csv
Helsinki_H3_r5rDI_2024-09-05_B_1499.csv
Helsinki_H3_r5rDI_2024-08-15_B_301.csv
Helsinki_H3_r5rDI_2024-08-15_B_302.csv
Helsinki_H3_r5rDI_2024-08-15_B_303.csv
Helsinki_H3_r5rDI_2024-08-15_B_304.csv
Helsinki_H3_r5rDI_2024-08-15_B_305.csv
Helsinki_H3_r5rDI_2024-08-15_B_306.csv
Helsinki_H3_r5rDI_2024-08-15_B_307.csv
Helsinki_H3_r5rDI_2024-08-15_B_308.csv
Helsinki_H3_r5rDI_2024-08-15_B_309.csv
Helsinki_H3_r5rDI_2024-08-15_B_310.csv
Helsinki_H3_r5rDI_2024-08-15_B_311.csv
Helsinki_H3_r5rDI_2024-08-15_B_312.csv
Helsinki_H3_r5rDI_2024-08-15_B_313.csv
Helsinki_H3_r5rDI_2024-08-15_B_314.csv
Helsinki_H3_r5rDI_2024-08-15_B_315.csv
Helsinki_H3_r5rDI_2024-08-15_B_316.csv
Helsinki_H3_r5rDI_2024-08-15_B_317.csv
Helsinki_H3_r5rDI_2024-08-15_B_318.csv
Helsinki_H3_r5rDI_2024-08-15_B_319.csv
Helsinki_H3_r5rDI_2024-08-15_B_320.csv
Helsinki_H3_r5rDI_2024-08-15_B_321.csv
Helsinki_H3_r5rDI_2024-08-15_B_322.csv
Helsinki_H3_r5rDI_2024-08-15_B_323.csv
Helsinki_H3_r5rDI_2024-08-15_B_324.csv
Helsinki_H3_r5rDI_2024-08-15_B_325.csv
Helsinki_H3_r5rDI_2024-08-15_B_326.csv
Helsinki_H3_r5rDI_2024-08-15_B_327.csv
Helsinki_H3_r5rDI_2024-08-15_B_328.csv
Helsinki_H3_r5rDI_2024-08-15_B_329.csv
Helsinki_H3_r5rDI_2024-08-15_B_330.csv
Helsinki_H3_r5rDI_2024-08-15_B_331.csv
Helsinki_H3_r5rDI_2024-08-15_B_332.csv
Helsinki_H3_r5rDI_2024-08-15_B_333.csv
Helsinki_H3_r5rDI_2024-08-15_B_334.csv
Helsinki_H3_r5rDI_2024-08-15_B_335.csv
Helsinki_H3_r5rDI_2024-08-15_B_336.csv
Helsinki_H3_r5rDI_2024-08-15_B_337.csv
Helsinki_H3_r5rDI_2024-08-15_B_338.csv
Helsinki_H3_r5rDI_2024-08-15_B_339.csv
Helsinki_H3_r5rDI_2024-08-15_B_340.csv
Helsinki_H3_r5rDI_2024-08-15_B_341.csv
Helsinki_H3_r5rDI_2024-08-15_B_342.csv
Helsinki_H3_r5rDI_2024-08-15_B_343.csv
Helsinki_H3_r5rDI_2024-08-15_B_344.csv
Helsinki_H3_r5rDI_2024-08-15_B_345.csv
Helsinki_H3_r5rDI_2024-08-15_B_346.csv
Helsinki_H3_r5rDI_2024-08-15_B_347.csv
Helsinki_H3_r5rDI_2024-08-15_B_348.csv
Helsinki_H3_r5rDI_2024-08-15_B_349.csv
Helsinki_H3_r5rDI_2024-08-15_B_350.csv
Helsinki_H3_r5rDI_2024-08-15_B_351.csv
Helsinki_H3_r5rDI_2024-08-15_B_352.csv
Helsinki_H3_r5rDI_2024-08-15_B_353.csv
Helsinki_H3_r5rDI_2024-08-15_B_354.csv
Helsinki_H3_r5rDI_2024-08-15_B_355.csv
Helsinki_H3_r5rDI_2024-08-15_B_356.csv
Helsinki_H3_r5rDI_2024-08-15_B_357.csv
Helsinki_H3_r5rDI_2024-08-15_B_358.csv
Helsinki_H3_r5rDI_2024-08-15_B_359.csv
Helsinki_H3_r5rDI_2024-08-15_B_360.csv
Helsinki_H3_r5rDI_2024-08-15_B_361.csv
Helsinki_H3_r5rDI_2024-08-15_B_362.csv
Helsinki_H3_r5rDI_2024-08-15_B_363.csv
Helsinki_H3_r5rDI_2024-08-15_B_364.csv
Helsinki_H3_r5rDI_2024-08-15_B_365.csv
Helsinki_H3_r5rDI_2024-08-15_B_366.csv
Helsinki_H3_r5rDI_2024-08-15_B_368.csv
Helsinki_H3_r5rDI_2024-08-15_B_369.csv
Helsinki_H3_r5rDI_2024-08-15_B_370.csv
Helsinki_H3_r5rDI_2024-08-15_B_371.csv
Helsinki_H3_r5rDI_2024-08-15_B_372.csv
Helsinki_H3_r5rDI_2024-08-15_B_373.csv
Helsinki_H3_r5rDI_2024-08-15_B_374.csv
Helsinki_H3_r5rDI_2024-08-15_B_375.csv
Helsinki_H3_r5rDI_2024-08-15_B_376.csv
Helsinki_H3_r5rDI_2024-08-15_B_377.csv
Helsinki_H3_r5rDI_2024-08-15_B_378.csv
Helsinki_H3_r5rDI_2024-08-15_B_379.csv
Helsinki_H3_r5rDI_2024-08-15_B_380.csv
Helsinki_H3_r5rDI_2024-08-15_B_381.csv
Helsinki_H3_r5rDI_2024-08-15_B_382.csv
Helsinki_H3_r5rDI_2024-08-15_B_383.csv
Helsinki_H3_r5rDI_2024-08-15_B_384.csv
Helsinki_H3_r5rDI_2024-08-15_B_385.csv
Helsinki_H3_r5rDI_2024-08-15_B_386.csv
Helsinki_H3_r5rDI_2024-08-15_B_387.csv
Helsinki_H3_r5rDI_2024-08-15_B_388.csv
Helsinki_H3_r5rDI_2024-08-15_B_389.csv
Helsinki_H3_r5rDI_2024-08-15_B_390.csv
Helsinki_H3_r5rDI_2024-08-15_B_391.csv
Helsinki_H3_r5rDI_2024-08-15_B_392.csv
Helsinki_H3_r5rDI_2024-08-15_B_393.csv
Helsinki_H3_r5rDI_2024-08-15_B_394.csv
Helsinki_H3_r5rDI_2024-08-15_B_395.csv
Helsinki_H3_r5rDI_2024-08-15_B_396.csv
Helsinki_H3_r5rDI_2024-08-15_B_397.csv
Helsinki_H3_r5rDI_2024-08-15_B_398.csv
Helsinki_H3_r5rDI_2024-08-15_B_399.csv
Helsinki_H3_r5rDI_2024-08-15_B_400.csv
Helsinki_H3_r5rDI_2024-08-15_B_401.csv
Helsinki_H3_r5rDI_2024-08-15_B_402.csv
Helsinki_H3_r5rDI_2024-08-15_B_403.csv
Helsinki_H3_r5rDI_2024-08-15_B_404.csv
Helsinki_H3_r5rDI_2024-08-15_B_405.csv
Helsinki_H3_r5rDI_2024-08-15_B_406.csv
Helsinki_H3_r5rDI_2024-08-15_B_407.csv
Helsinki_H3_r5rDI_2024-08-15_B_408.csv
Helsinki_H3_r5rDI_2024-08-15_B_409.csv
Helsinki_H3_r5rDI_2024-08-15_B_410.csv
Helsinki_H3_r5rDI_2024-08-15_B_411.csv
Helsinki_H3_r5rDI_2024-08-15_B_412.csv
Helsinki_H3_r5rDI_2024-08-15_B_413.csv
Helsinki_H3_r5rDI_2024-08-15_B_414.csv
Helsinki_H3_r5rDI_2024-08-15_B_415.csv
Helsinki_H3_r5rDI_2024-08-15_B_416.csv
Helsinki_H3_r5rDI_2024-08-15_B_417.csv
Helsinki_H3_r5rDI_2024-08-15_B_418.csv
Helsinki_H3_r5rDI_2024-08-15_B_419.csv
Helsinki_H3_r5rDI_2024-08-15_B_420.csv
Helsinki_H3_r5rDI_2024-08-15_B_422.csv
Helsinki_H3_r5rDI_2024-08-15_B_423.csv
Helsinki_H3_r5rDI_2024-08-15_B_424.csv
Helsinki_H3_r5rDI_2024-08-15_B_425.csv
Helsinki_H3_r5rDI_2024-08-15_B_426.csv
Helsinki_H3_r5rDI_2024-08-15_B_427.csv
Helsinki_H3_r5rDI_2024-08-15_B_428.csv
Helsinki_H3_r5rDI_2024-08-15_B_429.csv
Helsinki_H3_r5rDI_2024-08-15_B_430.csv
Helsinki_H3_r5rDI_2024-08-15_B_431.csv
Helsinki_H3_r5rDI_2024-08-15_B_432.csv
Helsinki_H3_r5rDI_2024-08-15_B_433.csv
Helsinki_H3_r5rDI_2024-08-15_B_434.csv
Helsinki_H3_r5rDI_2024-08-15_B_435.csv
Helsinki_H3_r5rDI_2024-08-15_B_436.csv
Helsinki_H3_r5rDI_2024-08-15_B_437.csv
Helsinki_H3_r5rDI_2024-08-15_B_438.csv
Helsinki_H3_r5rDI_2024-08-15_B_439.csv
Helsinki_H3_r5rDI_2024-08-15_B_440.csv
Helsinki_H3_r5rDI_2024-08-15_B_441.csv
Helsinki_H3_r5rDI_2024-08-15_B_442.csv
Helsinki_H3_r5rDI_2024-08-15_B_443.csv
Helsinki_H3_r5rDI_2024-08-15_B_444.csv
Helsinki_H3_r5rDI_2024-08-15_B_445.csv
Helsinki_H3_r5rDI_2024-08-15_B_446.csv
Helsinki_H3_r5rDI_2024-08-15_B_447.csv
Helsinki_H3_r5rDI_2024-08-15_B_448.csv
Helsinki_H3_r5rDI_2024-08-15_B_449.csv
Helsinki_H3_r5rDI_2024-08-15_B_450.csv
Helsinki_H3_r5rDI_2024-08-15_B_451.csv
Helsinki_H3_r5rDI_2024-08-15_B_452.csv
Helsinki_H3_r5rDI_2024-08-15_B_453.csv
Helsinki_H3_r5rDI_2024-08-15_B_454.csv
Helsinki_H3_r5rDI_2024-08-15_B_455.csv
Helsinki_H3_r5rDI_2024-08-15_B_456.csv
Helsinki_H3_r5rDI_2024-08-15_B_457.csv
Helsinki_H3_r5rDI_2024-08-15_B_458.csv
Helsinki_H3_r5rDI_2024-08-15_B_459.csv
Helsinki_H3_r5rDI_2024-08-15_B_460.csv
Helsinki_H3_r5rDI_2024-08-15_B_461.csv
Helsinki_H3_r5rDI_2024-08-15_B_462.csv
Helsinki_H3_r5rDI_2024-08-15_B_463.csv
Helsinki_H3_r5rDI_2024-08-15_B_464.csv
Helsinki_H3_r5rDI_2024-08-15_B_465.csv
Helsinki_H3_r5rDI_2024-08-15_B_466.csv
Helsinki_H3_r5rDI_2024-08-15_B_467.csv
Helsinki_H3_r5rDI_2024-08-15_B_468.csv
Helsinki_H3_r5rDI_2024-08-15_B_469.csv
Helsinki_H3_r5rDI_2024-08-15_B_470.csv
Helsinki_H3_r5rDI_2024-08-15_B_471.csv
Helsinki_H3_r5rDI_2024-08-15_B_472.csv
Helsinki_H3_r5rDI_2024-08-15_B_473.csv
Helsinki_H3_r5rDI_2024-08-15_B_474.csv
Helsinki_H3_r5rDI_2024-08-15_B_475.csv
Helsinki_H3_r5rDI_2024-08-15_B_476.csv
Helsinki_H3_r5rDI_2024-08-15_B_477.csv
Helsinki_H3_r5rDI_2024-08-15_B_478.csv
Helsinki_H3_r5rDI_2024-08-15_B_479.csv
Helsinki_H3_r5rDI_2024-08-15_B_480.csv
Helsinki_H3_r5rDI_2024-08-15_B_481.csv
Helsinki_H3_r5rDI_2024-08-15_B_482.csv
Helsinki_H3_r5rDI_2024-08-15_B_483.csv
Helsinki_H3_r5rDI_2024-08-15_B_484.csv
Helsinki_H3_r5rDI_2024-08-15_B_485.csv
Helsinki_H3_r5rDI_2024-08-15_B_486.csv
Helsinki_H3_r5rDI_2024-08-15_B_487.csv
Helsinki_H3_r5rDI_2024-08-15_B_488.csv
Helsinki_H3_r5rDI_2024-08-15_B_489.csv
Helsinki_H3_r5rDI_2024-08-15_B_490.csv
Helsinki_H3_r5rDI_2024-08-15_B_491.csv
Helsinki_H3_r5rDI_2024-08-15_B_492.csv
Helsinki_H3_r5rDI_2024-08-15_B_493.csv
Helsinki_H3_r5rDI_2024-08-15_B_494.csv
Helsinki_H3_r5rDI_2024-08-15_B_495.csv
Helsinki_H3_r5rDI_2024-08-15_B_496.csv
Helsinki_H3_r5rDI_2024-08-15_B_497.csv
Helsinki_H3_r5rDI_2024-08-15_B_498.csv
Helsinki_H3_r5rDI_2024-08-15_B_499.csv
Helsinki_H3_r5rDI_2024-08-15_B_500.csv
Helsinki_H3_r5rDI_2024-08-16_B_501.csv
Helsinki_H3_r5rDI_2024-08-16_B_502.csv
Helsinki_H3_r5rDI_2024-08-16_B_503.csv
Helsinki_H3_r5rDI_2024-08-16_B_504.csv
Helsinki_H3_r5rDI_2024-08-16_B_505.csv
Helsinki_H3_r5rDI_2024-08-16_B_506.csv
Helsinki_H3_r5rDI_2024-08-16_B_507.csv
Helsinki_H3_r5rDI_2024-08-16_B_510.csv
Helsinki_H3_r5rDI_2024-08-16_B_511.csv
Helsinki_H3_r5rDI_2024-08-16_B_512.csv
Helsinki_H3_r5rDI_2024-08-16_B_513.csv
Helsinki_H3_r5rDI_2024-08-16_B_514.csv
Helsinki_H3_r5rDI_2024-08-16_B_515.csv
Helsinki_H3_r5rDI_2024-08-16_B_516.csv
Helsinki_H3_r5rDI_2024-08-16_B_517.csv
Helsinki_H3_r5rDI_2024-08-16_B_518.csv
Helsinki_H3_r5rDI_2024-08-16_B_519.csv
Helsinki_H3_r5rDI_2024-08-16_B_520.csv
Helsinki_H3_r5rDI_2024-08-16_B_522.csv
Helsinki_H3_r5rDI_2024-08-16_B_523.csv
Helsinki_H3_r5rDI_2024-08-16_B_524.csv
Helsinki_H3_r5rDI_2024-08-17_B_525.csv
Helsinki_H3_r5rDI_2024-08-17_B_526.csv
Helsinki_H3_r5rDI_2024-08-17_B_527.csv
Helsinki_H3_r5rDI_2024-08-17_B_528.csv
Helsinki_H3_r5rDI_2024-08-17_B_529.csv
Helsinki_H3_r5rDI_2024-08-17_B_530.csv
Helsinki_H3_r5rDI_2024-08-17_B_531.csv
Helsinki_H3_r5rDI_2024-08-17_B_532.csv
Helsinki_H3_r5rDI_2024-08-17_B_533.csv
Helsinki_H3_r5rDI_2024-08-17_B_534.csv
Helsinki_H3_r5rDI_2024-08-17_B_535.csv
Helsinki_H3_r5rDI_2024-08-17_B_536.csv
Helsinki_H3_r5rDI_2024-08-17_B_537.csv
Helsinki_H3_r5rDI_2024-08-17_B_538.csv
Helsinki_H3_r5rDI_2024-08-17_B_539.csv
Helsinki_H3_r5rDI_2024-08-17_B_540.csv
Helsinki_H3_r5rDI_2024-08-17_B_541.csv
Helsinki_H3_r5rDI_2024-08-17_B_542.csv
Helsinki_H3_r5rDI_2024-08-17_B_543.csv
Helsinki_H3_r5rDI_2024-08-17_B_544.csv
Helsinki_H3_r5rDI_2024-08-17_B_545.csv
Helsinki_H3_r5rDI_2024-08-17_B_546.csv
Helsinki_H3_r5rDI_2024-08-17_B_547.csv
Helsinki_H3_r5rDI_2024-08-17_B_548.csv
Helsinki_H3_r5rDI_2024-08-17_B_550.csv
Helsinki_H3_r5rDI_2024-08-17_B_551.csv
Helsinki_H3_r5rDI_2024-08-17_B_552.csv
Helsinki_H3_r5rDI_2024-08-17_B_553.csv
Helsinki_H3_r5rDI_2024-08-17_B_554.csv
Helsinki_H3_r5rDI_2024-08-17_B_555.csv
Helsinki_H3_r5rDI_2024-08-17_B_556.csv
Helsinki_H3_r5rDI_2024-08-17_B_557.csv
Helsinki_H3_r5rDI_2024-08-17_B_558.csv
Helsinki_H3_r5rDI_2024-08-17_B_559.csv
Helsinki_H3_r5rDI_2024-08-17_B_560.csv
Helsinki_H3_r5rDI_2024-08-17_B_561.csv
Helsinki_H3_r5rDI_2024-08-17_B_562.csv
Helsinki_H3_r5rDI_2024-08-17_B_563.csv
Helsinki_H3_r5rDI_2024-08-17_B_564.csv
Helsinki_H3_r5rDI_2024-08-17_B_565.csv
Helsinki_H3_r5rDI_2024-08-17_B_566.csv
Helsinki_H3_r5rDI_2024-08-17_B_567.csv
Helsinki_H3_r5rDI_2024-08-17_B_568.csv
Helsinki_H3_r5rDI_2024-08-17_B_569.csv
Helsinki_H3_r5rDI_2024-08-17_B_570.csv
Helsinki_H3_r5rDI_2024-08-17_B_571.csv
Helsinki_H3_r5rDI_2024-08-17_B_572.csv
Helsinki_H3_r5rDI_2024-08-17_B_573.csv
Helsinki_H3_r5rDI_2024-08-17_B_574.csv
Helsinki_H3_r5rDI_2024-08-17_B_575.csv
Helsinki_H3_r5rDI_2024-08-17_B_576.csv
Helsinki_H3_r5rDI_2024-08-17_B_577.csv
Helsinki_H3_r5rDI_2024-08-17_B_578.csv
Helsinki_H3_r5rDI_2024-08-17_B_579.csv
Helsinki_H3_r5rDI_2024-08-17_B_580.csv
Helsinki_H3_r5rDI_2024-08-17_B_581.csv
Helsinki_H3_r5rDI_2024-08-17_B_582.csv
Helsinki_H3_r5rDI_2024-08-17_B_583.csv
Helsinki_H3_r5rDI_2024-08-17_B_584.csv
Helsinki_H3_r5rDI_2024-08-17_B_585.csv
Helsinki_H3_r5rDI_2024-08-17_B_586.csv
Helsinki_H3_r5rDI_2024-08-17_B_587.csv
Helsinki_H3_r5rDI_2024-08-17_B_588.csv
Helsinki_H3_r5rDI_2024-08-17_B_589.csv
Helsinki_H3_r5rDI_2024-08-17_B_590.csv
Helsinki_H3_r5rDI_2024-08-17_B_592.csv
Helsinki_H3_r5rDI_2024-08-17_B_593.csv
Helsinki_H3_r5rDI_2024-08-17_B_594.csv
Helsinki_H3_r5rDI_2024-08-17_B_595.csv
Helsinki_H3_r5rDI_2024-08-17_B_596.csv
Helsinki_H3_r5rDI_2024-08-17_B_597.csv
Helsinki_H3_r5rDI_2024-08-17_B_598.csv
Helsinki_H3_r5rDI_2024-08-17_B_599.csv
Helsinki_H3_r5rDI_2024-08-17_B_600.csv
Helsinki_H3_r5rDI_2024-08-21_B_367.csv
Helsinki_H3_r5rDI_2024-08-21_B_421.csv
Helsinki_H3_r5rDI_2024-08-21_B_508.csv
Helsinki_H3_r5rDI_2024-08-21_B_509.csv
Helsinki_H3_r5rDI_2024-08-21_B_521.csv
Helsinki_H3_r5rDI_2024-08-21_B_549.csv
Helsinki_H3_r5rDI_2024-08-21_B_591.csv
Helsinki_H3_r5rDI_2024-08-25_B_601.csv
Helsinki_H3_r5rDI_2024-08-25_B_602.csv
Helsinki_H3_r5rDI_2024-08-25_B_603.csv
Helsinki_H3_r5rDI_2024-08-25_B_604.csv
Helsinki_H3_r5rDI_2024-08-25_B_605.csv
Helsinki_H3_r5rDI_2024-08-25_B_606.csv
Helsinki_H3_r5rDI_2024-08-25_B_607.csv
Helsinki_H3_r5rDI_2024-08-25_B_608.csv
Helsinki_H3_r5rDI_2024-08-25_B_609.csv
Helsinki_H3_r5rDI_2024-08-25_B_610.csv
Helsinki_H3_r5rDI_2024-08-25_B_611.csv
Helsinki_H3_r5rDI_2024-08-25_B_612.csv
Helsinki_H3_r5rDI_2024-08-25_B_613.csv
Helsinki_H3_r5rDI_2024-08-25_B_614.csv
Helsinki_H3_r5rDI_2024-08-25_B_615.csv
Helsinki_H3_r5rDI_2024-08-25_B_616.csv
Helsinki_H3_r5rDI_2024-08-25_B_617.csv
Helsinki_H3_r5rDI_2024-08-25_B_618.csv
Helsinki_H3_r5rDI_2024-08-25_B_619.csv
Helsinki_H3_r5rDI_2024-08-25_B_620.csv
Helsinki_H3_r5rDI_2024-08-25_B_621.csv
Helsinki_H3_r5rDI_2024-08-25_B_622.csv
Helsinki_H3_r5rDI_2024-08-25_B_623.csv
Helsinki_H3_r5rDI_2024-08-25_B_624.csv
Helsinki_H3_r5rDI_2024-08-25_B_625.csv
Helsinki_H3_r5rDI_2024-08-25_B_626.csv
Helsinki_H3_r5rDI_2024-08-25_B_627.csv
Helsinki_H3_r5rDI_2024-08-25_B_628.csv
Helsinki_H3_r5rDI_2024-08-25_B_629.csv
Helsinki_H3_r5rDI_2024-08-25_B_631.csv
Helsinki_H3_r5rDI_2024-08-25_B_632.csv
Helsinki_H3_r5rDI_2024-08-25_B_633.csv
Helsinki_H3_r5rDI_2024-08-25_B_634.csv
Helsinki_H3_r5rDI_2024-08-25_B_635.csv
Helsinki_H3_r5rDI_2024-08-25_B_636.csv
Helsinki_H3_r5rDI_2024-08-25_B_637.csv
Helsinki_H3_r5rDI_2024-08-25_B_638.csv
Helsinki_H3_r5rDI_2024-08-25_B_639.csv
Helsinki_H3_r5rDI_2024-08-25_B_640.csv
Helsinki_H3_r5rDI_2024-08-25_B_641.csv
Helsinki_H3_r5rDI_2024-08-25_B_642.csv
Helsinki_H3_r5rDI_2024-08-25_B_643.csv
Helsinki_H3_r5rDI_2024-08-25_B_644.csv
Helsinki_H3_r5rDI_2024-08-25_B_645.csv
Helsinki_H3_r5rDI_2024-08-25_B_646.csv
Helsinki_H3_r5rDI_2024-08-25_B_647.csv
Helsinki_H3_r5rDI_2024-08-25_B_648.csv
Helsinki_H3_r5rDI_2024-08-25_B_649.csv
Helsinki_H3_r5rDI_2024-08-25_B_650.csv
Helsinki_H3_r5rDI_2024-08-25_B_651.csv
Helsinki_H3_r5rDI_2024-08-25_B_652.csv
Helsinki_H3_r5rDI_2024-08-25_B_653.csv
Helsinki_H3_r5rDI_2024-08-25_B_654.csv
Helsinki_H3_r5rDI_2024-08-25_B_655.csv
Helsinki_H3_r5rDI_2024-08-25_B_656.csv
Helsinki_H3_r5rDI_2024-08-25_B_657.csv
Helsinki_H3_r5rDI_2024-08-25_B_658.csv
Helsinki_H3_r5rDI_2024-08-25_B_659.csv
Helsinki_H3_r5rDI_2024-08-25_B_660.csv
Helsinki_H3_r5rDI_2024-08-25_B_661.csv
Helsinki_H3_r5rDI_2024-08-25_B_662.csv
Helsinki_H3_r5rDI_2024-08-25_B_663.csv
Helsinki_H3_r5rDI_2024-08-25_B_664.csv
Helsinki_H3_r5rDI_2024-08-25_B_665.csv
Helsinki_H3_r5rDI_2024-08-25_B_666.csv
Helsinki_H3_r5rDI_2024-08-25_B_667.csv
Helsinki_H3_r5rDI_2024-08-25_B_668.csv
Helsinki_H3_r5rDI_2024-08-25_B_669.csv
Helsinki_H3_r5rDI_2024-08-25_B_670.csv
Helsinki_H3_r5rDI_2024-08-25_B_671.csv
Helsinki_H3_r5rDI_2024-08-25_B_672.csv
Helsinki_H3_r5rDI_2024-08-25_B_673.csv
Helsinki_H3_r5rDI_2024-08-25_B_674.csv
Helsinki_H3_r5rDI_2024-08-25_B_675.csv
Helsinki_H3_r5rDI_2024-08-25_B_676.csv
Helsinki_H3_r5rDI_2024-08-25_B_677.csv
Helsinki_H3_r5rDI_2024-08-25_B_678.csv
Helsinki_H3_r5rDI_2024-08-25_B_679.csv
Helsinki_H3_r5rDI_2024-08-25_B_680.csv
Helsinki_H3_r5rDI_2024-08-25_B_681.csv
Helsinki_H3_r5rDI_2024-08-25_B_682.csv
Helsinki_H3_r5rDI_2024-08-25_B_683.csv
Helsinki_H3_r5rDI_2024-08-25_B_685.csv
Helsinki_H3_r5rDI_2024-08-25_B_686.csv
Helsinki_H3_r5rDI_2024-08-25_B_687.csv
Helsinki_H3_r5rDI_2024-08-25_B_688.csv
Helsinki_H3_r5rDI_2024-08-25_B_689.csv
Helsinki_H3_r5rDI_2024-08-25_B_690.csv
Helsinki_H3_r5rDI_2024-08-25_B_691.csv
Helsinki_H3_r5rDI_2024-08-25_B_692.csv
Helsinki_H3_r5rDI_2024-08-25_B_693.csv
Helsinki_H3_r5rDI_2024-08-25_B_694.csv
Helsinki_H3_r5rDI_2024-08-25_B_695.csv
Helsinki_H3_r5rDI_2024-08-25_B_696.csv
Helsinki_H3_r5rDI_2024-08-25_B_697.csv
Helsinki_H3_r5rDI_2024-08-25_B_698.csv
Helsinki_H3_r5rDI_2024-08-25_B_699.csv
Helsinki_H3_r5rDI_2024-08-25_B_700.csv
Helsinki_H3_r5rDI_2024-08-25_B_701.csv
Helsinki_H3_r5rDI_2024-08-25_B_702.csv
Helsinki_H3_r5rDI_2024-08-25_B_703.csv
Helsinki_H3_r5rDI_2024-08-25_B_704.csv
Helsinki_H3_r5rDI_2024-08-25_B_705.csv
Helsinki_H3_r5rDI_2024-08-25_B_706.csv
Helsinki_H3_r5rDI_2024-08-25_B_707.csv
Helsinki_H3_r5rDI_2024-08-25_B_708.csv
Helsinki_H3_r5rDI_2024-08-25_B_709.csv
Helsinki_H3_r5rDI_2024-08-25_B_710.csv
Helsinki_H3_r5rDI_2024-08-25_B_711.csv
Helsinki_H3_r5rDI_2024-08-25_B_712.csv
Helsinki_H3_r5rDI_2024-08-25_B_713.csv
Helsinki_H3_r5rDI_2024-08-25_B_714.csv
Helsinki_H3_r5rDI_2024-08-25_B_715.csv
Helsinki_H3_r5rDI_2024-08-25_B_716.csv
Helsinki_H3_r5rDI_2024-08-25_B_717.csv
Helsinki_H3_r5rDI_2024-08-25_B_718.csv
Helsinki_H3_r5rDI_2024-08-25_B_719.csv
Helsinki_H3_r5rDI_2024-08-25_B_720.csv
Helsinki_H3_r5rDI_2024-08-25_B_721.csv
Helsinki_H3_r5rDI_2024-08-25_B_722.csv
Helsinki_H3_r5rDI_2024-08-25_B_723.csv
Helsinki_H3_r5rDI_2024-08-25_B_724.csv
Helsinki_H3_r5rDI_2024-08-25_B_725.csv
Helsinki_H3_r5rDI_2024-08-25_B_726.csv
Helsinki_H3_r5rDI_2024-08-25_B_727.csv
Helsinki_H3_r5rDI_2024-08-25_B_728.csv
Helsinki_H3_r5rDI_2024-08-25_B_729.csv
Helsinki_H3_r5rDI_2024-08-25_B_730.csv
Helsinki_H3_r5rDI_2024-08-25_B_731.csv
Helsinki_H3_r5rDI_2024-08-25_B_732.csv
Helsinki_H3_r5rDI_2024-08-25_B_733.csv
Helsinki_H3_r5rDI_2024-08-25_B_734.csv
Helsinki_H3_r5rDI_2024-08-25_B_735.csv
Helsinki_H3_r5rDI_2024-08-25_B_736.csv
Helsinki_H3_r5rDI_2024-08-25_B_737.csv
Helsinki_H3_r5rDI_2024-08-25_B_738.csv
Helsinki_H3_r5rDI_2024-08-25_B_739.csv
Helsinki_H3_r5rDI_2024-08-25_B_740.csv
Helsinki_H3_r5rDI_2024-08-25_B_741.csv
Helsinki_H3_r5rDI_2024-08-25_B_742.csv
Helsinki_H3_r5rDI_2024-08-25_B_743.csv
Helsinki_H3_r5rDI_2024-08-25_B_744.csv
Helsinki_H3_r5rDI_2024-08-25_B_745.csv
Helsinki_H3_r5rDI_2024-08-25_B_746.csv
Helsinki_H3_r5rDI_2024-08-25_B_747.csv
Helsinki_H3_r5rDI_2024-08-25_B_748.csv
Helsinki_H3_r5rDI_2024-08-25_B_749.csv
Helsinki_H3_r5rDI_2024-08-25_B_750.csv
Helsinki_H3_r5rDI_2024-08-25_B_751.csv
Helsinki_H3_r5rDI_2024-08-25_B_752.csv
Helsinki_H3_r5rDI_2024-08-25_B_753.csv
Helsinki_H3_r5rDI_2024-08-25_B_754.csv
Helsinki_H3_r5rDI_2024-08-25_B_755.csv
Helsinki_H3_r5rDI_2024-08-25_B_756.csv
Helsinki_H3_r5rDI_2024-08-25_B_757.csv
Helsinki_H3_r5rDI_2024-08-25_B_758.csv
Helsinki_H3_r5rDI_2024-08-25_B_759.csv
Helsinki_H3_r5rDI_2024-08-25_B_760.csv
Helsinki_H3_r5rDI_2024-08-25_B_761.csv
Helsinki_H3_r5rDI_2024-08-25_B_762.csv
Helsinki_H3_r5rDI_2024-08-25_B_763.csv
Helsinki_H3_r5rDI_2024-08-25_B_764.csv
Helsinki_H3_r5rDI_2024-08-25_B_765.csv
Helsinki_H3_r5rDI_2024-08-25_B_766.csv
Helsinki_H3_r5rDI_2024-08-25_B_767.csv
Helsinki_H3_r5rDI_2024-08-25_B_768.csv
Helsinki_H3_r5rDI_2024-08-25_B_769.csv
Helsinki_H3_r5rDI_2024-08-25_B_770.csv
Helsinki_H3_r5rDI_2024-08-25_B_771.csv
Helsinki_H3_r5rDI_2024-08-25_B_772.csv
Helsinki_H3_r5rDI_2024-08-25_B_773.csv
Helsinki_H3_r5rDI_2024-08-25_B_774.csv
Helsinki_H3_r5rDI_2024-08-25_B_775.csv
Helsinki_H3_r5rDI_2024-08-25_B_776.csv
Helsinki_H3_r5rDI_2024-08-25_B_777.csv
Helsinki_H3_r5rDI_2024-08-25_B_778.csv
Helsinki_H3_r5rDI_2024-08-25_B_779.csv
Helsinki_H3_r5rDI_2024-08-25_B_780.csv
Helsinki_H3_r5rDI_2024-08-25_B_781.csv
Helsinki_H3_r5rDI_2024-08-25_B_782.csv
Helsinki_H3_r5rDI_2024-08-25_B_783.csv
Helsinki_H3_r5rDI_2024-08-25_B_784.csv
Helsinki_H3_r5rDI_2024-08-25_B_785.csv
Helsinki_H3_r5rDI_2024-08-25_B_786.csv
Helsinki_H3_r5rDI_2024-08-25_B_787.csv
Helsinki_H3_r5rDI_2024-08-25_B_788.csv
Helsinki_H3_r5rDI_2024-08-25_B_789.csv
Helsinki_H3_r5rDI_2024-08-25_B_790.csv
Helsinki_H3_r5rDI_2024-08-25_B_791.csv
Helsinki_H3_r5rDI_2024-08-25_B_792.csv
Helsinki_H3_r5rDI_2024-08-25_B_793.csv
Helsinki_H3_r5rDI_2024-08-25_B_794.csv
Helsinki_H3_r5rDI_2024-08-26_B_795.csv
Helsinki_H3_r5rDI_2024-08-26_B_796.csv
Helsinki_H3_r5rDI_2024-08-26_B_797.csv
Helsinki_H3_r5rDI_2024-08-26_B_798.csv
Helsinki_H3_r5rDI_2024-08-26_B_799.csv
Helsinki_H3_r5rDI_2024-08-26_B_800.csv
Helsinki_H3_r5rDI_2024-08-26_B_801.csv
Helsinki_H3_r5rDI_2024-08-26_B_802.csv
Helsinki_H3_r5rDI_2024-08-26_B_803.csv
Helsinki_H3_r5rDI_2024-08-26_B_804.csv
Helsinki_H3_r5rDI_2024-08-26_B_805.csv
Helsinki_H3_r5rDI_2024-08-26_B_806.csv
Helsinki_H3_r5rDI_2024-08-26_B_807.csv
Helsinki_H3_r5rDI_2024-08-26_B_808.csv
Helsinki_H3_r5rDI_2024-08-26_B_809.csv
Helsinki_H3_r5rDI_2024-08-26_B_810.csv
Helsinki_H3_r5rDI_2024-08-26_B_811.csv
Helsinki_H3_r5rDI_2024-08-26_B_812.csv
Helsinki_H3_r5rDI_2024-08-26_B_813.csv
Helsinki_H3_r5rDI_2024-08-26_B_814.csv
Helsinki_H3_r5rDI_2024-08-26_B_815.csv
Helsinki_H3_r5rDI_2024-08-27_B_684.csv
Helsinki_H3_r5rDI_2024-08-27_B_816.csv
Helsinki_H3_r5rDI_2024-08-27_B_817.csv
Helsinki_H3_r5rDI_2024-08-27_B_818.csv
Helsinki_H3_r5rDI_2024-08-27_B_819.csv
Helsinki_H3_r5rDI_2024-08-27_B_820.csv
Helsinki_H3_r5rDI_2024-08-27_B_821.csv
Helsinki_H3_r5rDI_2024-08-27_B_822.csv
Helsinki_H3_r5rDI_2024-08-27_B_823.csv
Helsinki_H3_r5rDI_2024-08-27_B_824.csv
Helsinki_H3_r5rDI_2024-08-27_B_825.csv
Helsinki_H3_r5rDI_2024-08-27_B_826.csv
Helsinki_H3_r5rDI_2024-08-27_B_827.csv
Helsinki_H3_r5rDI_2024-08-27_B_828.csv
Helsinki_H3_r5rDI_2024-08-27_B_829.csv
Helsinki_H3_r5rDI_2024-08-27_B_830.csv
Helsinki_H3_r5rDI_2024-08-27_B_831.csv
Helsinki_H3_r5rDI_2024-08-27_B_832.csv
Helsinki_H3_r5rDI_2024-08-27_B_833.csv
Helsinki_H3_r5rDI_2024-08-27_B_834.csv
Helsinki_H3_r5rDI_2024-08-27_B_835.csv
Helsinki_H3_r5rDI_2024-08-27_B_836.csv
Helsinki_H3_r5rDI_2024-08-27_B_837.csv
Helsinki_H3_r5rDI_2024-08-27_B_838.csv
Helsinki_H3_r5rDI_2024-08-27_B_839.csv
Helsinki_H3_r5rDI_2024-08-27_B_840.csv
Helsinki_H3_r5rDI_2024-08-27_B_841.csv
Helsinki_H3_r5rDI_2024-08-27_B_842.csv
Helsinki_H3_r5rDI_2024-08-27_B_843.csv
Helsinki_H3_r5rDI_2024-08-27_B_844.csv
Helsinki_H3_r5rDI_2024-08-27_B_845.csv
Helsinki_H3_r5rDI_2024-08-27_B_846.csv
Helsinki_H3_r5rDI_2024-08-27_B_847.csv
Helsinki_H3_r5rDI_2024-08-27_B_848.csv
Helsinki_H3_r5rDI_2024-08-27_B_849.csv
Helsinki_H3_r5rDI_2024-08-27_B_850.csv
Helsinki_H3_r5rDI_2024-08-27_B_851.csv
Helsinki_H3_r5rDI_2024-08-27_B_852.csv
Helsinki_H3_r5rDI_2024-08-27_B_853.csv
Helsinki_H3_r5rDI_2024-08-27_B_854.csv
Helsinki_H3_r5rDI_2024-08-27_B_855.csv
Helsinki_H3_r5rDI_2024-08-27_B_856.csv
Helsinki_H3_r5rDI_2024-08-27_B_857.csv
Helsinki_H3_r5rDI_2024-08-27_B_858.csv
Helsinki_H3_r5rDI_2024-08-27_B_859.csv
Helsinki_H3_r5rDI_2024-08-27_B_860.csv
Helsinki_H3_r5rDI_2024-08-27_B_861.csv
Helsinki_H3_r5rDI_2024-08-27_B_862.csv
Helsinki_H3_r5rDI_2024-08-27_B_863.csv
Helsinki_H3_r5rDI_2024-08-27_B_864.csv
Helsinki_H3_r5rDI_2024-08-27_B_865.csv
Helsinki_H3_r5rDI_2024-08-27_B_866.csv
Helsinki_H3_r5rDI_2024-08-27_B_867.csv
Helsinki_H3_r5rDI_2024-08-27_B_868.csv
Helsinki_H3_r5rDI_2024-08-27_B_869.csv
Helsinki_H3_r5rDI_2024-08-27_B_870.csv
Helsinki_H3_r5rDI_2024-08-27_B_871.csv
Helsinki_H3_r5rDI_2024-08-27_B_872.csv
Helsinki_H3_r5rDI_2024-08-27_B_873.csv
Helsinki_H3_r5rDI_2024-08-27_B_874.csv
Helsinki_H3_r5rDI_2024-08-27_B_875.csv
Helsinki_H3_r5rDI_2024-08-27_B_876.csv
Helsinki_H3_r5rDI_2024-08-27_B_877.csv
Helsinki_H3_r5rDI_2024-08-27_B_878.csv
Helsinki_H3_r5rDI_2024-08-27_B_879.csv
Helsinki_H3_r5rDI_2024-08-27_B_880.csv
Helsinki_H3_r5rDI_2024-08-27_B_881.csv
Helsinki_H3_r5rDI_2024-08-27_B_882.csv
Helsinki_H3_r5rDI_2024-08-27_B_883.csv
Helsinki_H3_r5rDI_2024-08-27_B_884.csv
Helsinki_H3_r5rDI_2024-08-27_B_885.csv
Helsinki_H3_r5rDI_2024-08-27_B_886.csv
Helsinki_H3_r5rDI_2024-08-27_B_887.csv
Helsinki_H3_r5rDI_2024-08-27_B_888.csv
Helsinki_H3_r5rDI_2024-08-27_B_889.csv
Helsinki_H3_r5rDI_2024-08-27_B_890.csv
Helsinki_H3_r5rDI_2024-08-27_B_891.csv
Helsinki_H3_r5rDI_2024-08-27_B_892.csv
Helsinki_H3_r5rDI_2024-08-27_B_893.csv
Helsinki_H3_r5rDI_2024-08-27_B_894.csv
Helsinki_H3_r5rDI_2024-08-27_B_895.csv
Helsinki_H3_r5rDI_2024-08-27_B_896.csv
Helsinki_H3_r5rDI_2024-08-27_B_897.csv
Helsinki_H3_r5rDI_2024-08-27_B_898.csv
Helsinki_H3_r5rDI_2024-08-27_B_899.csv
Helsinki_H3_r5rDI_2024-08-27_B_900.csv
Helsinki_H3_r5rDI_2024-08-30_B_1000.csv
Helsinki_H3_r5rDI_2024-08-30_B_1001.csv
Helsinki_H3_r5rDI_2024-08-30_B_1002.csv
Helsinki_H3_r5rDI_2024-08-30_B_1003.csv
Helsinki_H3_r5rDI_2024-08-30_B_1004.csv
Helsinki_H3_r5rDI_2024-08-30_B_1005.csv
Helsinki_H3_r5rDI_2024-08-30_B_1006.csv
Helsinki_H3_r5rDI_2024-08-30_B_1007.csv
Helsinki_H3_r5rDI_2024-08-30_B_1008.csv
Helsinki_H3_r5rDI_2024-08-30_B_1009.csv
Helsinki_H3_r5rDI_2024-08-30_B_1010.csv
Helsinki_H3_r5rDI_2024-08-30_B_1011.csv
Helsinki_H3_r5rDI_2024-08-30_B_1012.csv
Helsinki_H3_r5rDI_2024-08-30_B_1014.csv
Helsinki_H3_r5rDI_2024-08-30_B_1015.csv
Helsinki_H3_r5rDI_2024-08-30_B_1016.csv
Helsinki_H3_r5rDI_2024-08-30_B_1017.csv
Helsinki_H3_r5rDI_2024-08-30_B_1018.csv
Helsinki_H3_r5rDI_2024-08-30_B_1019.csv
Helsinki_H3_r5rDI_2024-08-30_B_1020.csv
Helsinki_H3_r5rDI_2024-08-30_B_1021.csv
Helsinki_H3_r5rDI_2024-08-30_B_1022.csv
Helsinki_H3_r5rDI_2024-08-30_B_1023.csv
Helsinki_H3_r5rDI_2024-08-30_B_1024.csv
Helsinki_H3_r5rDI_2024-08-30_B_1025.csv
Helsinki_H3_r5rDI_2024-08-30_B_1026.csv
Helsinki_H3_r5rDI_2024-08-30_B_1027.csv
Helsinki_H3_r5rDI_2024-08-30_B_1028.csv
Helsinki_H3_r5rDI_2024-08-30_B_1029.csv
Helsinki_H3_r5rDI_2024-08-30_B_1030.csv
Helsinki_H3_r5rDI_2024-08-30_B_1031.csv
Helsinki_H3_r5rDI_2024-08-30_B_1032.csv
Helsinki_H3_r5rDI_2024-08-30_B_1033.csv
Helsinki_H3_r5rDI_2024-08-30_B_1034.csv
Helsinki_H3_r5rDI_2024-08-30_B_1035.csv
Helsinki_H3_r5rDI_2024-08-30_B_1036.csv
Helsinki_H3_r5rDI_2024-08-30_B_1037.csv
Helsinki_H3_r5rDI_2024-08-30_B_1038.csv
Helsinki_H3_r5rDI_2024-08-30_B_1039.csv
Helsinki_H3_r5rDI_2024-08-30_B_1040.csv
Helsinki_H3_r5rDI_2024-08-30_B_1041.csv
Helsinki_H3_r5rDI_2024-08-30_B_1042.csv
Helsinki_H3_r5rDI_2024-08-30_B_1043.csv
Helsinki_H3_r5rDI_2024-08-30_B_1044.csv
Helsinki_H3_r5rDI_2024-08-30_B_1045.csv
Helsinki_H3_r5rDI_2024-08-30_B_1046.csv
Helsinki_H3_r5rDI_2024-08-30_B_1047.csv
Helsinki_H3_r5rDI_2024-08-30_B_1048.csv
Helsinki_H3_r5rDI_2024-08-30_B_1049.csv
Helsinki_H3_r5rDI_2024-08-30_B_1050.csv
Helsinki_H3_r5rDI_2024-08-30_B_1051.csv
Helsinki_H3_r5rDI_2024-08-30_B_1052.csv
Helsinki_H3_r5rDI_2024-08-30_B_1053.csv
Helsinki_H3_r5rDI_2024-08-30_B_1054.csv
Helsinki_H3_r5rDI_2024-08-30_B_1055.csv
Helsinki_H3_r5rDI_2024-08-30_B_1056.csv
Helsinki_H3_r5rDI_2024-08-30_B_1057.csv
Helsinki_H3_r5rDI_2024-08-30_B_1058.csv
Helsinki_H3_r5rDI_2024-08-30_B_1059.csv
Helsinki_H3_r5rDI_2024-08-30_B_1060.csv
Helsinki_H3_r5rDI_2024-08-30_B_1061.csv
Helsinki_H3_r5rDI_2024-08-30_B_1062.csv
Helsinki_H3_r5rDI_2024-08-30_B_1063.csv
Helsinki_H3_r5rDI_2024-08-30_B_1064.csv
Helsinki_H3_r5rDI_2024-08-30_B_1065.csv
Helsinki_H3_r5rDI_2024-08-30_B_1066.csv
Helsinki_H3_r5rDI_2024-08-30_B_1067.csv
Helsinki_H3_r5rDI_2024-08-30_B_1068.csv
Helsinki_H3_r5rDI_2024-08-30_B_1069.csv
Helsinki_H3_r5rDI_2024-08-30_B_1070.csv
Helsinki_H3_r5rDI_2024-08-30_B_1071.csv
Helsinki_H3_r5rDI_2024-08-30_B_1072.csv
Helsinki_H3_r5rDI_2024-08-30_B_1073.csv
Helsinki_H3_r5rDI_2024-08-30_B_1074.csv
Helsinki_H3_r5rDI_2024-08-30_B_1075.csv
Helsinki_H3_r5rDI_2024-08-30_B_1076.csv
Helsinki_H3_r5rDI_2024-08-30_B_1077.csv
Helsinki_H3_r5rDI_2024-08-30_B_1078.csv
Helsinki_H3_r5rDI_2024-08-30_B_1079.csv
Helsinki_H3_r5rDI_2024-08-30_B_1080.csv
Helsinki_H3_r5rDI_2024-08-30_B_1081.csv
Helsinki_H3_r5rDI_2024-08-30_B_1083.csv
Helsinki_H3_r5rDI_2024-08-30_B_1084.csv
Helsinki_H3_r5rDI_2024-08-30_B_1085.csv
Helsinki_H3_r5rDI_2024-08-30_B_1086.csv
Helsinki_H3_r5rDI_2024-08-30_B_1087.csv
Helsinki_H3_r5rDI_2024-08-30_B_1088.csv
Helsinki_H3_r5rDI_2024-08-30_B_1089.csv
Helsinki_H3_r5rDI_2024-08-30_B_1090.csv
Helsinki_H3_r5rDI_2024-08-30_B_1091.csv
Helsinki_H3_r5rDI_2024-08-30_B_1092.csv
Helsinki_H3_r5rDI_2024-08-30_B_1093.csv
Helsinki_H3_r5rDI_2024-08-30_B_1094.csv
Helsinki_H3_r5rDI_2024-08-30_B_1095.csv
Helsinki_H3_r5rDI_2024-08-30_B_1096.csv
Helsinki_H3_r5rDI_2024-08-30_B_1097.csv
Helsinki_H3_r5rDI_2024-08-30_B_1098.csv
Helsinki_H3_r5rDI_2024-08-30_B_1099.csv
Helsinki_H3_r5rDI_2024-08-30_B_1100.csv
Helsinki_H3_r5rDI_2024-08-30_B_901.csv
Helsinki_H3_r5rDI_2024-08-30_B_902.csv
Helsinki_H3_r5rDI_2024-08-30_B_903.csv
Helsinki_H3_r5rDI_2024-08-30_B_905.csv
Helsinki_H3_r5rDI_2024-08-30_B_906.csv
Helsinki_H3_r5rDI_2024-08-30_B_907.csv
Helsinki_H3_r5rDI_2024-08-30_B_908.csv
Helsinki_H3_r5rDI_2024-08-30_B_909.csv
Helsinki_H3_r5rDI_2024-08-30_B_910.csv
Helsinki_H3_r5rDI_2024-08-30_B_911.csv
Helsinki_H3_r5rDI_2024-08-30_B_912.csv
Helsinki_H3_r5rDI_2024-08-30_B_913.csv
Helsinki_H3_r5rDI_2024-08-30_B_914.csv
Helsinki_H3_r5rDI_2024-08-30_B_915.csv
Helsinki_H3_r5rDI_2024-08-30_B_916.csv
Helsinki_H3_r5rDI_2024-08-30_B_917.csv
Helsinki_H3_r5rDI_2024-08-30_B_918.csv
Helsinki_H3_r5rDI_2024-08-30_B_919.csv
Helsinki_H3_r5rDI_2024-08-30_B_920.csv
Helsinki_H3_r5rDI_2024-08-30_B_921.csv
Helsinki_H3_r5rDI_2024-08-30_B_922.csv
Helsinki_H3_r5rDI_2024-08-30_B_923.csv
Helsinki_H3_r5rDI_2024-08-30_B_924.csv
Helsinki_H3_r5rDI_2024-08-30_B_925.csv
Helsinki_H3_r5rDI_2024-08-30_B_926.csv
Helsinki_H3_r5rDI_2024-08-30_B_927.csv
Helsinki_H3_r5rDI_2024-08-30_B_928.csv
Helsinki_H3_r5rDI_2024-08-30_B_929.csv
Helsinki_H3_r5rDI_2024-08-30_B_930.csv
Helsinki_H3_r5rDI_2024-08-30_B_931.csv
Helsinki_H3_r5rDI_2024-08-30_B_932.csv
Helsinki_H3_r5rDI_2024-08-30_B_933.csv
Helsinki_H3_r5rDI_2024-08-30_B_934.csv
Helsinki_H3_r5rDI_2024-08-30_B_935.csv
Helsinki_H3_r5rDI_2024-08-30_B_936.csv
Helsinki_H3_r5rDI_2024-08-30_B_937.csv
Helsinki_H3_r5rDI_2024-08-30_B_938.csv
Helsinki_H3_r5rDI_2024-08-30_B_939.csv
Helsinki_H3_r5rDI_2024-08-30_B_940.csv
Helsinki_H3_r5rDI_2024-08-30_B_942.csv
Helsinki_H3_r5rDI_2024-08-30_B_943.csv
Helsinki_H3_r5rDI_2024-08-30_B_944.csv
Helsinki_H3_r5rDI_2024-08-30_B_945.csv
Helsinki_H3_r5rDI_2024-08-30_B_946.csv
Helsinki_H3_r5rDI_2024-08-30_B_947.csv
Helsinki_H3_r5rDI_2024-08-30_B_948.csv
Helsinki_H3_r5rDI_2024-08-30_B_949.csv
Helsinki_H3_r5rDI_2024-08-30_B_950.csv
Helsinki_H3_r5rDI_2024-08-30_B_951.csv
Helsinki_H3_r5rDI_2024-08-30_B_952.csv
Helsinki_H3_r5rDI_2024-08-30_B_953.csv
Helsinki_H3_r5rDI_2024-08-30_B_954.csv
Helsinki_H3_r5rDI_2024-08-30_B_955.csv
Helsinki_H3_r5rDI_2024-08-30_B_956.csv
Helsinki_H3_r5rDI_2024-08-30_B_957.csv
Helsinki_H3_r5rDI_2024-08-30_B_958.csv
Helsinki_H3_r5rDI_2024-08-30_B_959.csv
Helsinki_H3_r5rDI_2024-08-30_B_960.csv
Helsinki_H3_r5rDI_2024-08-30_B_961.csv
Helsinki_H3_r5rDI_2024-08-30_B_962.csv
Helsinki_H3_r5rDI_2024-08-30_B_963.csv
Helsinki_H3_r5rDI_2024-08-30_B_964.csv
Helsinki_H3_r5rDI_2024-08-30_B_965.csv
Helsinki_H3_r5rDI_2024-08-30_B_966.csv
Helsinki_H3_r5rDI_2024-08-30_B_967.csv
Helsinki_H3_r5rDI_2024-08-30_B_968.csv
Helsinki_H3_r5rDI_2024-08-30_B_969.csv
Helsinki_H3_r5rDI_2024-08-30_B_970.csv
Helsinki_H3_r5rDI_2024-08-30_B_971.csv
Helsinki_H3_r5rDI_2024-08-30_B_972.csv
Helsinki_H3_r5rDI_2024-08-30_B_973.csv
Helsinki_H3_r5rDI_2024-08-30_B_974.csv
Helsinki_H3_r5rDI_2024-08-30_B_975.csv
Helsinki_H3_r5rDI_2024-08-30_B_976.csv
Helsinki_H3_r5rDI_2024-08-30_B_977.csv
Helsinki_H3_r5rDI_2024-08-30_B_978.csv
Helsinki_H3_r5rDI_2024-08-30_B_979.csv
Helsinki_H3_r5rDI_2024-08-30_B_980.csv
Helsinki_H3_r5rDI_2024-08-30_B_981.csv
Helsinki_H3_r5rDI_2024-08-30_B_982.csv
Helsinki_H3_r5rDI_2024-08-30_B_983.csv
Helsinki_H3_r5rDI_2024-08-30_B_984.csv
Helsinki_H3_r5rDI_2024-08-30_B_985.csv
Helsinki_H3_r5rDI_2024-08-30_B_986.csv
Helsinki_H3_r5rDI_2024-08-30_B_987.csv
Helsinki_H3_r5rDI_2024-08-30_B_988.csv
Helsinki_H3_r5rDI_2024-08-30_B_989.csv
Helsinki_H3_r5rDI_2024-08-30_B_991.csv
Helsinki_H3_r5rDI_2024-08-30_B_992.csv
Helsinki_H3_r5rDI_2024-08-30_B_993.csv
Helsinki_H3_r5rDI_2024-08-30_B_994.csv
Helsinki_H3_r5rDI_2024-08-30_B_995.csv
Helsinki_H3_r5rDI_2024-08-30_B_996.csv
Helsinki_H3_r5rDI_2024-08-30_B_997.csv
Helsinki_H3_r5rDI_2024-08-30_B_998.csv
Helsinki_H3_r5rDI_2024-08-30_B_999.csv
Helsinki_H3_r5rDI_2024-08-31_B_1101.csv
Helsinki_H3_r5rDI_2024-08-31_B_1102.csv
Helsinki_H3_r5rDI_2024-08-31_B_1103.csv
Helsinki_H3_r5rDI_2024-08-31_B_1104.csv
Helsinki_H3_r5rDI_2024-08-31_B_1105.csv
Helsinki_H3_r5rDI_2024-08-31_B_1106.csv
Helsinki_H3_r5rDI_2024-08-31_B_1107.csv
Helsinki_H3_r5rDI_2024-08-31_B_1108.csv
Helsinki_H3_r5rDI_2024-09-01_B_1109.csv
Helsinki_H3_r5rDI_2024-09-01_B_1110.csv
Helsinki_H3_r5rDI_2024-09-01_B_1111.csv
Helsinki_H3_r5rDI_2024-09-01_B_1112.csv
Helsinki_H3_r5rDI_2024-09-01_B_1113.csv
Helsinki_H3_r5rDI_2024-09-01_B_1114.csv
Helsinki_H3_r5rDI_2024-09-01_B_1115.csv
Helsinki_H3_r5rDI_2024-09-01_B_1116.csv
Helsinki_H3_r5rDI_2024-09-01_B_1117.csv
Helsinki_H3_r5rDI_2024-09-01_B_1118.csv
Helsinki_H3_r5rDI_2024-09-01_B_1119.csv
Helsinki_H3_r5rDI_2024-09-01_B_1120.csv
Helsinki_H3_r5rDI_2024-09-01_B_1121.csv
Helsinki_H3_r5rDI_2024-09-01_B_1122.csv
Helsinki_H3_r5rDI_2024-09-01_B_1123.csv
Helsinki_H3_r5rDI_2024-09-01_B_1124.csv
Helsinki_H3_r5rDI_2024-09-01_B_1125.csv
Helsinki_H3_r5rDI_2024-09-01_B_1126.csv
Helsinki_H3_r5rDI_2024-09-01_B_1127.csv
Helsinki_H3_r5rDI_2024-09-01_B_1128.csv
Helsinki_H3_r5rDI_2024-09-01_B_1129.csv
Helsinki_H3_r5rDI_2024-09-01_B_1130.csv
Helsinki_H3_r5rDI_2024-09-01_B_1131.csv
Helsinki_H3_r5rDI_2024-09-01_B_1132.csv
Helsinki_H3_r5rDI_2024-09-01_B_1133.csv
Helsinki_H3_r5rDI_2024-09-01_B_1134.csv
Helsinki_H3_r5rDI_2024-09-01_B_1135.csv
Helsinki_H3_r5rDI_2024-09-01_B_1136.csv
Helsinki_H3_r5rDI_2024-09-01_B_1137.csv
Helsinki_H3_r5rDI_2024-09-01_B_1138.csv
Helsinki_H3_r5rDI_2024-09-01_B_1139.csv
Helsinki_H3_r5rDI_2024-09-01_B_1140.csv
Helsinki_H3_r5rDI_2024-09-01_B_1141.csv
Helsinki_H3_r5rDI_2024-09-01_B_1142.csv
Helsinki_H3_r5rDI_2024-09-01_B_1143.csv
Helsinki_H3_r5rDI_2024-09-01_B_1144.csv
Helsinki_H3_r5rDI_2024-09-01_B_1145.csv
Helsinki_H3_r5rDI_2024-09-01_B_1146.csv
Helsinki_H3_r5rDI_2024-09-01_B_1147.csv
Helsinki_H3_r5rDI_2024-09-01_B_1148.csv
Helsinki_H3_r5rDI_2024-09-01_B_1149.csv
Helsinki_H3_r5rDI_2024-09-01_B_1150.csv
Helsinki_H3_r5rDI_2024-09-01_B_1151.csv
Helsinki_H3_r5rDI_2024-09-01_B_1152.csv
Helsinki_H3_r5rDI_2024-09-01_B_1153.csv
Helsinki_H3_r5rDI_2024-09-01_B_1154.csv
Helsinki_H3_r5rDI_2024-09-01_B_1155.csv
Helsinki_H3_r5rDI_2024-09-01_B_1156.csv
Helsinki_H3_r5rDI_2024-09-01_B_1157.csv
Helsinki_H3_r5rDI_2024-09-01_B_1158.csv
Helsinki_H3_r5rDI_2024-09-01_B_1159.csv
Helsinki_H3_r5rDI_2024-09-01_B_1160.csv
Helsinki_H3_r5rDI_2024-09-01_B_1161.csv
Helsinki_H3_r5rDI_2024-09-01_B_1162.csv
Helsinki_H3_r5rDI_2024-09-01_B_1163.csv
Helsinki_H3_r5rDI_2024-09-01_B_1164.csv
Helsinki_H3_r5rDI_2024-09-01_B_1165.csv
Helsinki_H3_r5rDI_2024-09-01_B_1166.csv
Helsinki_H3_r5rDI_2024-09-01_B_1167.csv
Helsinki_H3_r5rDI_2024-09-01_B_1168.csv
Helsinki_H3_r5rDI_2024-09-01_B_1169.csv
Helsinki_H3_r5rDI_2024-09-01_B_1170.csv
Helsinki_H3_r5rDI_2024-09-01_B_1171.csv
Helsinki_H3_r5rDI_2024-09-01_B_1172.csv
Helsinki_H3_r5rDI_2024-09-01_B_1173.csv
Helsinki_H3_r5rDI_2024-09-01_B_1174.csv
Helsinki_H3_r5rDI_2024-09-01_B_1175.csv
Helsinki_H3_r5rDI_2024-09-01_B_1176.csv
Helsinki_H3_r5rDI_2024-09-01_B_1177.csv
Helsinki_H3_r5rDI_2024-09-01_B_1178.csv
Helsinki_H3_r5rDI_2024-09-01_B_1179.csv
Helsinki_H3_r5rDI_2024-09-01_B_1180.csv
Helsinki_H3_r5rDI_2024-09-01_B_1181.csv
Helsinki_H3_r5rDI_2024-09-01_B_1182.csv
Helsinki_H3_r5rDI_2024-09-01_B_1183.csv
Helsinki_H3_r5rDI_2024-09-01_B_1184.csv
Helsinki_H3_r5rDI_2024-09-01_B_1185.csv
Helsinki_H3_r5rDI_2024-09-01_B_1186.csv
Helsinki_H3_r5rDI_2024-09-01_B_1187.csv
Helsinki_H3_r5rDI_2024-09-01_B_1188.csv
Helsinki_H3_r5rDI_2024-09-01_B_1189.csv
Helsinki_H3_r5rDI_2024-09-01_B_1190.csv
Helsinki_H3_r5rDI_2024-09-01_B_1191.csv
Helsinki_H3_r5rDI_2024-09-01_B_1192.csv
Helsinki_H3_r5rDI_2024-09-01_B_1193.csv
Helsinki_H3_r5rDI_2024-09-01_B_1194.csv
Helsinki_H3_r5rDI_2024-09-01_B_1195.csv
Helsinki_H3_r5rDI_2024-09-01_B_1196.csv
Helsinki_H3_r5rDI_2024-09-01_B_1197.csv
Helsinki_H3_r5rDI_2024-09-01_B_1198.csv
Helsinki_H3_r5rDI_2024-09-01_B_1199.csv
Helsinki_H3_r5rDI_2024-09-01_B_1200.csv
Helsinki_GTFS_April_2023/Batch_output_Transit_r5r_wco2_parquet/Helsinki_H3_r5rDI_B_1069_wCO2.parquet
Helsinki_GTFS_April_2023/Batch_output_Transit_r5r_wco2_parquet/Helsinki_H3_r5rDI_B_1070_wCO2.parquet
Helsinki_GTFS_April_2023/Batch_output_Transit_r5r_wco2_parquet/Helsinki_H3_r5rDI_B_1071_wCO2.parquet
Helsinki_GTFS_April_2023/Batch_output_Transit_r5r_wco2_parquet/Helsinki_H3_r5rDI_B_1072_wCO2.parquet
Helsinki_GTFS_April_2023/Batch_output_Transit_r5r_wco2_parquet/Helsinki_H3_r5rDI_B_1073_wCO2.parquet
Helsinki_GTFS_April_2023/Batch_output_Transit_r5r_wco2_parquet/Helsinki_H3_r5rDI_B_1074_wCO2.parquet
Helsinki_GTFS_April_2023/Batch_output_Transit_r5r_wco2_parquet/Helsinki_H3_r5rDI_B_1075_wCO2.parquet
Helsinki_GTFS_April_2023/Batch_output_Transit_r5r_wco2_parquet/Helsinki_H3_r5rDI_B_1076_wCO2.parquet
Helsinki_GTFS_April_2023/Batch_output_Transit_r5r_wco2_parquet/Helsinki_H3_r5rDI_B_1077_wCO2.parquet
Helsinki_GTFS_April_2023/Batch_output_Transit_r5r_wco2_parquet/Helsinki_H3_r5rDI_B_1078_wCO2.parquet
Helsinki_GTFS_April_2023/Batch_output_Transit_r5r_wco2_parquet/Helsinki_H3_r5rDI_B_1079_wCO2.parquet
Helsinki_GTFS_April_2023/Batch_output_Transit_r5r_wco2_parquet/Helsinki_H3_r5rDI_B_1080_wCO2.parquet
Helsinki_GTFS_April_2023/Batch_output_Transit_r5r_wco2_parquet/Helsinki_H3_r5rDI_B_1081_wCO2.parquet
Helsinki_GTFS_April_2023/Batch_output_Transit_r5r_wco2_parquet/Helsinki_H3_r5rDI_B_1083_wCO2.parquet
Helsinki_GTFS_April_2023/Batch_output_Transit_r5r_wco2_parquet/Helsinki_H3_r5rDI_B_1084_wCO2.parquet
Helsinki_GTFS_April_2023/Batch_output_Transit_r5r_wco2_parquet/Helsinki_H3_r5rDI_B_1085_wCO2.parquet
Helsinki_GTFS_April_2023/Batch_output_Transit_r5r_wco2_parquet/Helsinki_H3_r5rDI_B_1086_wCO2.parquet
Helsinki_GTFS_April_2023/Batch_output_Transit_r5r_wco2_parquet/Helsinki_H3_r5rDI_B_1087_wCO2.parquet
Helsinki_GTFS_April_2023/Batch_output_Transit_r5r_wco2_parquet/Helsinki_H3_r5rDI_B_1088_wCO2.parquet
Helsinki_GTFS_April_2023/Batch_output_Transit_r5r_wco2_parquet/Helsinki_H3_r5rDI_B_1089_wCO2.parquet
Helsinki_GTFS_April_2023/Batch_output_Transit_r5r_wco2_parquet/Helsinki_H3_r5rDI_B_1090_wCO2.parquet
Helsinki_GTFS_April_2023/Batch_output_Transit_r5r_wco2_parquet/Helsinki_H3_r5rDI_B_1091_wCO2.parquet
Helsinki_GTFS_April_2023/Batch_output_Transit_r5r_wco2_parquet/Helsinki_H3_r5rDI_B_1092_wCO2.parquet
Helsinki_GTFS_April_2023/Batch_output_Transit_r5r_wco2_parquet/Helsinki_H3_r5rDI_B_1093_wCO2.parquet
Helsinki_GTFS_April_2023/Batch_output_Transit_r5r_wco2_parquet/Helsinki_H3_r5rDI_B_1094_wCO2.parquet
Helsinki_GTFS_April_2023/Batch_output_Transit_r5r_wco2_parquet/Helsinki_H3_r5rDI_B_1095_wCO2.parquet
Helsinki_GTFS_April_2023/Batch_output_Transit_r5r_wco2_parquet/Helsinki_H3_r5rDI_B_1096_wCO2.parquet
Helsinki_GTFS_April_2023/Batch_output_Transit_r5r_wco2_parquet/Helsinki_H3_r5rDI_B_1097_wCO2.parquet
Helsinki_GTFS_April_2023/Batch_output_Transit_r5r_wco2_parquet/Helsinki_H3_r5rDI_B_1098_wCO2.parquet
Helsinki_GTFS_April_2023/Batch_output_Transit_r5r_wco2_parquet/Helsinki_H3_r5rDI_B_1099_wCO2.parquet
Helsinki_GTFS_April_2023/Batch_output_Transit_r5r_wco2_parquet/Helsinki_H3_r5rDI_B_1100_wCO2.parquet
Helsinki_GTFS_April_2023/Batch_output_Transit_r5r_wco2_parquet/Helsinki_H3_r5rDI_B_1101_wCO2.parquet
Helsinki_GTFS_April_2023/Batch_output_Transit_r5r_wco2_parquet/Helsinki_H3_r5rDI_B_1102_wCO2.parquet
Helsinki_GTFS_April_2023/Batch_output_Transit_r5r_wco2_parquet/Helsinki_H3_r5rDI_B_1103_wCO2.parquet
Helsinki_GTFS_April_2023/Batch_output_Transit_r5r_wco2_parquet/Helsinki_H3_r5rDI_B_1104_wCO2.parquet
Helsinki_GTFS_April_2023/Batch_output_Transit_r5r_wco2_parquet/Helsinki_H3_r5rDI_B_1105_wCO2.parquet
Helsinki_GTFS_April_2023/Batch_output_Transit_r5r_wco2_parquet/Helsinki_H3_r5rDI_B_1106_wCO2.parquet
Helsinki_GTFS_April_2023/Batch_output_Transit_r5r_wco2_parquet/Helsinki_H3_r5rDI_B_1107_wCO2.parquet
Helsinki_GTFS_April_2023/Batch_output_Transit_r5r_wco2_parquet/Helsinki_H3_r5rDI_B_1108_wCO2.parquet
Helsinki_GTFS_April_2023/Batch_output_Transit_r5r_wco2_parquet/Helsinki_H3_r5rDI_B_1109_wCO2.parquet
Helsinki_GTFS_April_2023/Batch_output_Transit_r5r_wco2_parquet/Helsinki_H3_r5rDI_B_1110_wCO2.parquet
Helsinki_GTFS_April_2023/Batch_output_Transit_r5r_wco2_parquet/Helsinki_H3_r5rDI_B_1111_wCO2.parquet
Helsinki_GTFS_April_2023/Batch_output_Transit_r5r_wco2_parquet/Helsinki_H3_r5rDI_B_1112_wCO2.parquet
Helsinki_GTFS_April_2023/Batch_output_Transit_r5r_wco2_parquet/Helsinki_H3_r5rDI_B_1113_wCO2.parquet
Helsinki_GTFS_April_2023/Batch_output_Transit_r5r_wco2_parquet/Helsinki_H3_r5rDI_B_1114_wCO2.parquet
Helsinki_GTFS_April_2023/Batch_output_Transit_r5r_wco2_parquet/Helsinki_H3_r5rDI_B_1115_wCO2.parquet
Helsinki_GTFS_April_2023/Batch_output_Transit_r5r_wco2_parquet/Helsinki_H3_r5rDI_B_1116_wCO2.parquet
Helsinki_GTFS_April_2023/Batch_output_Transit_r5r_wco2_parquet/Helsinki_H3_r5rDI_B_1117_wCO2.parquet
Helsinki_GTFS_April_2023/Batch_output_Transit_r5r_wco2_parquet/Helsinki_H3_r5rDI_B_1118_wCO2.parquet
Helsinki_GTFS_April_2023/Batch_output_Transit_r5r_wco2_parquet/Helsinki_H3_r5rDI_B_1119_wCO2.parquet
Helsinki_GTFS_April_2023/Batch_output_Transit_r5r_wco2_parquet/Helsinki_H3_r5rDI_B_1120_wCO2.parquet
Helsinki_GTFS_April_2023/Batch_output_Transit_r5r_wco2_parquet/Helsinki_H3_r5rDI_B_1121_wCO2.parquet
Helsinki_GTFS_April_2023/Batch_output_Transit_r5r_wco2_parquet/Helsinki_H3_r5rDI_B_1122_wCO2.parquet
Helsinki_GTFS_April_2023/Batch_output_Transit_r5r_wco2_parquet/Helsinki_H3_r5rDI_B_1123_wCO2.parquet
Helsinki_GTFS_April_2023/Batch_output_Transit_r5r_wco2_parquet/Helsinki_H3_r5rDI_B_1124_wCO2.parquet
Helsinki_GTFS_April_2023/Batch_output_Transit_r5r_wco2_parquet/Helsinki_H3_r5rDI_B_1125_wCO2.parquet
Helsinki_GTFS_April_2023/Batch_output_Transit_r5r_wco2_parquet/Helsinki_H3_r5rDI_B_1126_wCO2.parquet
Helsinki_GTFS_April_2023/Batch_output_Transit_r5r_wco2_parquet/Helsinki_H3_r5rDI_B_1127_wCO2.parquet
Helsinki_GTFS_April_2023/Batch_output_Transit_r5r_wco2_parquet/Helsinki_H3_r5rDI_B_1128_wCO2.parquet
Helsinki_GTFS_April_2023/Batch_output_Transit_r5r_wco2_parquet/Helsinki_H3_r5rDI_B_1129_wCO2.parquet
Helsinki_GTFS_April_2023/Batch_output_Transit_r5r_wco2_parquet/Helsinki_H3_r5rDI_B_1130_wCO2.parquet
Helsinki_GTFS_April_2023/Batch_output_Transit_r5r_wco2_parquet/Helsinki_H3_r5rDI_B_1131_wCO2.parquet
Helsinki_GTFS_April_2023/Batch_output_Transit_r5r_wco2_parquet/Helsinki_H3_r5rDI_B_1132_wCO2.parquet
Helsinki_GTFS_April_2023/Batch_output_Transit_r5r_wco2_parquet/Helsinki_H3_r5rDI_B_1133_wCO2.parquet
Helsinki_GTFS_April_2023/Batch_output_Transit_r5r_wco2_parquet/Helsinki_H3_r5rDI_B_1134_wCO2.parquet
Helsinki_GTFS_April_2023/Batch_output_Transit_r5r_wco2_parquet/Helsinki_H3_r5rDI_B_1135_wCO2.parquet
Helsinki_GTFS_April_2023/Batch_output_Transit_r5r_wco2_parquet/Helsinki_H3_r5rDI_B_1136_wCO2.parquet
Helsinki_GTFS_April_2023/Batch_output_Transit_r5r_wco2_parquet/Helsinki_H3_r5rDI_B_1137_wCO2.parquet
Helsinki_GTFS_April_2023/Batch_output_Transit_r5r_wco2_parquet/Helsinki_H3_r5rDI_B_1138_wCO2.parquet
Helsinki_GTFS_April_2023/Batch_output_Transit_r5r_wco2_parquet/Helsinki_H3_r5rDI_B_1139_wCO2.parquet
Helsinki_GTFS_April_2023/Batch_output_Transit_r5r_wco2_parquet/Helsinki_H3_r5rDI_B_1140_wCO2.parquet
Helsinki_GTFS_April_2023/Batch_output_Transit_r5r_wco2_parquet/Helsinki_H3_r5rDI_B_1141_wCO2.parquet
Helsinki_GTFS_April_2023/Batch_output_Transit_r5r_wco2_parquet/Helsinki_H3_r5rDI_B_1142_wCO2.parquet
Helsinki_GTFS_April_2023/Batch_output_Transit_r5r_wco2_parquet/Helsinki_H3_r5rDI_B_1143_wCO2.parquet
Helsinki_GTFS_April_2023/Batch_output_Transit_r5r_wco2_parquet/Helsinki_H3_r5rDI_B_1144_wCO2.parquet
Helsinki_GTFS_April_2023/Batch_output_Transit_r5r_wco2_parquet/Helsinki_H3_r5rDI_B_1145_wCO2.parquet
Helsinki_GTFS_April_2023/Batch_output_Transit_r5r_wco2_parquet/Helsinki_H3_r5rDI_B_1146_wCO2.parquet
Helsinki_GTFS_April_2023/Batch_output_Transit_r5r_wco2_parquet/Helsinki_H3_r5rDI_B_1147_wCO2.parquet
Helsinki_GTFS_April_2023/Batch_output_Transit_r5r_wco2_parquet/Helsinki_H3_r5rDI_B_1148_wCO2.parquet
Helsinki_GTFS_April_2023/Batch_output_Transit_r5r_wco2_parquet/Helsinki_H3_r5rDI_B_1149_wCO2.parquet
Helsinki_GTFS_April_2023/Batch_output_Transit_r5r_wco2_parquet/Helsinki_H3_r5rDI_B_1150_wCO2.parquet
Helsinki_GTFS_April_2023/Batch_output_Transit_r5r_wco2_parquet/Helsinki_H3_r5rDI_B_1151_wCO2.parquet
Helsinki_GTFS_April_2023/Batch_output_Transit_r5r_wco2_parquet/Helsinki_H3_r5rDI_B_1152_wCO2.parquet
Helsinki_GTFS_April_2023/Batch_output_Transit_r5r_wco2_parquet/Helsinki_H3_r5rDI_B_1153_wCO2.parquet
Helsinki_GTFS_April_2023/Batch_output_Transit_r5r_wco2_parquet/Helsinki_H3_r5rDI_B_1154_wCO2.parquet
Helsinki_GTFS_April_2023/Batch_output_Transit_r5r_wco2_parquet/Helsinki_H3_r5rDI_B_1155_wCO2.parquet
Helsinki_GTFS_April_2023/Batch_output_Transit_r5r_wco2_parquet/Helsinki_H3_r5rDI_B_1156_wCO2.parquet
Helsinki_GTFS_April_2023/Batch_output_Transit_r5r_wco2_parquet/Helsinki_H3_r5rDI_B_1157_wCO2.parquet
Helsinki_GTFS_April_2023/Batch_output_Transit_r5r_wco2_parquet/Helsinki_H3_r5rDI_B_1158_wCO2.parquet
Helsinki_GTFS_April_2023/Batch_output_Transit_r5r_wco2_parquet/Helsinki_H3_r5rDI_B_1159_wCO2.parquet
Helsinki_GTFS_April_2023/Batch_output_Transit_r5r_wco2_parquet/Helsinki_H3_r5rDI_B_1160_wCO2.parquet
Helsinki_GTFS_April_2023/Batch_output_Transit_r5r_wco2_parquet/Helsinki_H3_r5rDI_B_1161_wCO2.parquet
Helsinki_GTFS_April_2023/Batch_output_Transit_r5r_wco2_parquet/Helsinki_H3_r5rDI_B_1162_wCO2.parquet
Helsinki_GTFS_April_2023/Batch_output_Transit_r5r_wco2_parquet/Helsinki_H3_r5rDI_B_1163_wCO2.parquet
Helsinki_GTFS_April_2023/Batch_output_Transit_r5r_wco2_parquet/Helsinki_H3_r5rDI_B_1164_wCO2.parquet
Helsinki_GTFS_April_2023/Batch_output_Transit_r5r_wco2_parquet/Helsinki_H3_r5rDI_B_1165_wCO2.parquet
Helsinki_GTFS_April_2023/Batch_output_Transit_r5r_wco2_parquet/Helsinki_H3_r5rDI_B_1166_wCO2.parquet
Helsinki_GTFS_April_2023/Batch_output_Transit_r5r_wco2_parquet/Helsinki_H3_r5rDI_B_1167_wCO2.parquet
Helsinki_GTFS_April_2023/Batch_output_Transit_r5r_wco2_parquet/Helsinki_H3_r5rDI_B_1168_wCO2.parquet
Helsinki_GTFS_April_2023/Batch_output_Transit_r5r_wco2_parquet/Helsinki_H3_r5rDI_B_1169_wCO2.parquet
Helsinki_GTFS_April_2023/Batch_output_Transit_r5r_wco2_parquet/Helsinki_H3_r5rDI_B_1170_wCO2.parquet
Helsinki_GTFS_April_2023/Batch_output_Transit_r5r_wco2_parquet/Helsinki_H3_r5rDI_B_1171_wCO2.parquet
Helsinki_GTFS_April_2023/Batch_output_Transit_r5r_wco2_parquet/Helsinki_H3_r5rDI_B_1172_wCO2.parquet
Helsinki_GTFS_April_2023/Batch_output_Transit_r5r_wco2_parquet/Helsinki_H3_r5rDI_B_1173_wCO2.parquet
Helsinki_GTFS_April_2023/Batch_output_Transit_r5r_wco2_parquet/Helsinki_H3_r5rDI_B_1174_wCO2.parquet
Helsinki_GTFS_April_2023/Batch_output_Transit_r5r_wco2_parquet/Helsinki_H3_r5rDI_B_1175_wCO2.parquet
Helsinki_GTFS_April_2023/Batch_output_Transit_r5r_wco2_parquet/Helsinki_H3_r5rDI_B_1176_wCO2.parquet
Helsinki_GTFS_April_2023/Batch_output_Transit_r5r_wco2_parquet/Helsinki_H3_r5rDI_B_1177_wCO2.parquet
Helsinki_GTFS_April_2023/Batch_output_Transit_r5r_wco2_parquet/Helsinki_H3_r5rDI_B_1178_wCO2.parquet
Helsinki_GTFS_April_2023/Batch_output_Transit_r5r_wco2_parquet/Helsinki_H3_r5rDI_B_1179_wCO2.parquet
Helsinki_GTFS_April_2023/Batch_output_Transit_r5r_wco2_parquet/Helsinki_H3_r5rDI_B_1180_wCO2.parquet
Helsinki_GTFS_April_2023/Batch_output_Transit_r5r_wco2_parquet/Helsinki_H3_r5rDI_B_1181_wCO2.parquet
Helsinki_GTFS_April_2023/Batch_output_Transit_r5r_wco2_parquet/Helsinki_H3_r5rDI_B_1182_wCO2.parquet
Helsinki_GTFS_April_2023/Batch_output_Transit_r5r_wco2_parquet/Helsinki_H3_r5rDI_B_1183_wCO2.parquet
Helsinki_GTFS_April_2023/Batch_output_Transit_r5r_wco2_parquet/Helsinki_H3_r5rDI_B_1184_wCO2.parquet
Helsinki_GTFS_April_2023/Batch_output_Transit_r5r_wco2_parquet/Helsinki_H3_r5rDI_B_1185_wCO2.parquet
Helsinki_GTFS_April_2023/Batch_output_Transit_r5r_wco2_parquet/Helsinki_H3_r5rDI_B_1186_wCO2.parquet
Helsinki_GTFS_April_2023/Batch_output_Transit_r5r_wco2_parquet/Helsinki_H3_r5rDI_B_1187_wCO2.parquet
Helsinki_GTFS_April_2023/Batch_output_Transit_r5r_wco2_parquet/Helsinki_H3_r5rDI_B_1188_wCO2.parquet
Helsinki_GTFS_April_2023/Batch_output_Transit_r5r_wco2_parquet/Helsinki_H3_r5rDI_B_1189_wCO2.parquet
Helsinki_GTFS_April_2023/Batch_output_Transit_r5r_wco2_parquet/Helsinki_H3_r5rDI_B_1190_wCO2.parquet
Helsinki_GTFS_April_2023/Batch_output_Transit_r5r_wco2_parquet/Helsinki_H3_r5rDI_B_1191_wCO2.parquet
Helsinki_GTFS_April_2023/Batch_output_Transit_r5r_wco2_parquet/Helsinki_H3_r5rDI_B_1192_wCO2.parquet
Helsinki_GTFS_April_2023/Batch_output_Transit_r5r_wco2_parquet/Helsinki_H3_r5rDI_B_1193_wCO2.parquet
Helsinki_GTFS_April_2023/Batch_output_Transit_r5r_wco2_parquet/Helsinki_H3_r5rDI_B_1194_wCO2.parquet
Helsinki_GTFS_April_2023/Batch_output_Transit_r5r_wco2_parquet/Helsinki_H3_r5rDI_B_1195_wCO2.parquet
Helsinki_GTFS_April_2023/Batch_output_Transit_r5r_wco2_parquet/Helsinki_H3_r5rDI_B_1196_wCO2.parquet
Helsinki_GTFS_April_2023/Batch_output_Transit_r5r_wco2_parquet/Helsinki_H3_r5rDI_B_1197_wCO2.parquet
Helsinki_GTFS_April_2023/Batch_output_Transit_r5r_wco2_parquet/Helsinki_H3_r5rDI_B_1198_wCO2.parquet
Helsinki_GTFS_April_2023/Batch_output_Transit_r5r_wco2_parquet/Helsinki_H3_r5rDI_B_1199_wCO2.parquet
Helsinki_GTFS_April_2023/Batch_output_Transit_r5r_wco2_parquet/Helsinki_H3_r5rDI_B_1200_wCO2.parquet
Helsinki_GTFS_April_2023/Batch_output_Transit_r5r_wco2_parquet/Helsinki_H3_r5rDI_B_901_wCO2.parquet
Helsinki_GTFS_April_2023/Batch_output_Transit_r5r_wco2_parquet/Helsinki_H3_r5rDI_B_902_wCO2.parquet
Helsinki_GTFS_April_2023/Batch_output_Transit_r5r_wco2_parquet/Helsinki_H3_r5rDI_B_903_wCO2.parquet
Helsinki_GTFS_April_2023/Batch_output_Transit_r5r_wco2_parquet/Helsinki_H3_r5rDI_B_905_wCO2.parquet
Helsinki_GTFS_April_2023/Batch_output_Transit_r5r_wco2_parquet/Helsinki_H3_r5rDI_B_906_wCO2.parquet
Helsinki_GTFS_April_2023/Batch_output_Transit_r5r_wco2_parquet/Helsinki_H3_r5rDI_B_907_wCO2.parquet
Helsinki_GTFS_April_2023/Batch_output_Transit_r5r_wco2_parquet/Helsinki_H3_r5rDI_B_908_wCO2.parquet
Helsinki_GTFS_April_2023/Batch_output_Transit_r5r_wco2_parquet/Helsinki_H3_r5rDI_B_909_wCO2.parquet
Helsinki_GTFS_April_2023/Batch_output_Transit_r5r_wco2_parquet/Helsinki_H3_r5rDI_B_910_wCO2.parquet
Helsinki_GTFS_April_2023/Batch_output_Transit_r5r_wco2_parquet/Helsinki_H3_r5rDI_B_911_wCO2.parquet
Helsinki_GTFS_April_2023/Batch_output_Transit_r5r_wco2_parquet/Helsinki_H3_r5rDI_B_912_wCO2.parquet
Helsinki_GTFS_April_2023/Batch_output_Transit_r5r_wco2_parquet/Helsinki_H3_r5rDI_B_913_wCO2.parquet
Helsinki_GTFS_April_2023/Batch_output_Transit_r5r_wco2_parquet/Helsinki_H3_r5rDI_B_914_wCO2.parquet
Helsinki_GTFS_April_2023/Batch_output_Transit_r5r_wco2_parquet/Helsinki_H3_r5rDI_B_915_wCO2.parquet
Helsinki_GTFS_April_2023/Batch_output_Transit_r5r_wco2_parquet/Helsinki_H3_r5rDI_B_916_wCO2.parquet
Helsinki_GTFS_April_2023/Batch_output_Transit_r5r_wco2_parquet/Helsinki_H3_r5rDI_B_917_wCO2.parquet
Helsinki_GTFS_April_2023/Batch_output_Transit_r5r_wco2_parquet/Helsinki_H3_r5rDI_B_918_wCO2.parquet
Helsinki_GTFS_April_2023/Batch_output_Transit_r5r_wco2_parquet/Helsinki_H3_r5rDI_B_919_wCO2.parquet
Helsinki_GTFS_April_2023/Batch_output_Transit_r5r_wco2_parquet/Helsinki_H3_r5rDI_B_920_wCO2.parquet
Helsinki_GTFS_April_2023/Batch_output_Transit_r5r_wco2_parquet/Helsinki_H3_r5rDI_B_921_wCO2.parquet
Helsinki_GTFS_April_2023/Batch_output_Transit_r5r_wco2_parquet/Helsinki_H3_r5rDI_B_922_wCO2.parquet
Helsinki_GTFS_April_2023/Batch_output_Transit_r5r_wco2_parquet/Helsinki_H3_r5rDI_B_923_wCO2.parquet
Helsinki_GTFS_April_2023/Batch_output_Transit_r5r_wco2_parquet/Helsinki_H3_r5rDI_B_924_wCO2.parquet
Helsinki_GTFS_April_2023/Batch_output_Transit_r5r_wco2_parquet/Helsinki_H3_r5rDI_B_925_wCO2.parquet
Helsinki_GTFS_April_2023/Batch_output_Transit_r5r_wco2_parquet/Helsinki_H3_r5rDI_B_926_wCO2.parquet
Helsinki_GTFS_April_2023/Batch_output_Transit_r5r_wco2_parquet/Helsinki_H3_r5rDI_B_927_wCO2.parquet
Helsinki_GTFS_April_2023/Batch_output_Transit_r5r_wco2_parquet/Helsinki_H3_r5rDI_B_928_wCO2.parquet
Helsinki_GTFS_April_2023/Batch_output_Transit_r5r_wco2_parquet/Helsinki_H3_r5rDI_B_929_wCO2.parquet
Helsinki_GTFS_April_2023/Batch_output_Transit_r5r_wco2_parquet/Helsinki_H3_r5rDI_B_930_wCO2.parquet
Helsinki_GTFS_April_2023/Batch_output_Transit_r5r_wco2_parquet/Helsinki_H3_r5rDI_B_931_wCO2.parquet
Helsinki_GTFS_April_2023/Batch_output_Transit_r5r_wco2_parquet/Helsinki_H3_r5rDI_B_932_wCO2.parquet
Helsinki_GTFS_April_2023/Batch_output_Transit_r5r_wco2_parquet/Helsinki_H3_r5rDI_B_933_wCO2.parquet
Helsinki_GTFS_April_2023/Batch_output_Transit_r5r_wco2_parquet/Helsinki_H3_r5rDI_B_934_wCO2.parquet
Helsinki_GTFS_April_2023/Batch_output_Transit_r5r_wco2_parquet/Helsinki_H3_r5rDI_B_935_wCO2.parquet
Helsinki_GTFS_April_2023/Batch_output_Transit_r5r_wco2_parquet/Helsinki_H3_r5rDI_B_936_wCO2.parquet
Helsinki_GTFS_April_2023/Batch_output_Transit_r5r_wco2_parquet/Helsinki_H3_r5rDI_B_937_wCO2.parquet
Helsinki_GTFS_April_2023/Batch_output_Transit_r5r_wco2_parquet/Helsinki_H3_r5rDI_B_938_wCO2.parquet
Helsinki_GTFS_April_2023/Batch_output_Transit_r5r_wco2_parquet/Helsinki_H3_r5rDI_B_939_wCO2.parquet
Helsinki_GTFS_April_2023/Batch_output_Transit_r5r_wco2_parquet/Helsinki_H3_r5rDI_B_940_wCO2.parquet
Helsinki_GTFS_April_2023/Batch_output_Transit_r5r_wco2_parquet/Helsinki_H3_r5rDI_B_942_wCO2.parquet
Helsinki_GTFS_April_2023/Batch_output_Transit_r5r_wco2_parquet/Helsinki_H3_r5rDI_B_943_wCO2.parquet
Helsinki_GTFS_April_2023/Batch_output_Transit_r5r_wco2_parquet/Helsinki_H3_r5rDI_B_944_wCO2.parquet
Helsinki_GTFS_April_2023/Batch_output_Transit_r5r_wco2_parquet/Helsinki_H3_r5rDI_B_945_wCO2.parquet
Helsinki_GTFS_April_2023/Batch_output_Transit_r5r_wco2_parquet/Helsinki_H3_r5rDI_B_946_wCO2.parquet
Helsinki_GTFS_April_2023/Batch_output_Transit_r5r_wco2_parquet/Helsinki_H3_r5rDI_B_947_wCO2.parquet
Helsinki_GTFS_April_2023/Batch_output_Transit_r5r_wco2_parquet/Helsinki_H3_r5rDI_B_948_wCO2.parquet
Helsinki_GTFS_April_2023/Batch_output_Transit_r5r_wco2_parquet/Helsinki_H3_r5rDI_B_949_wCO2.parquet
Helsinki_GTFS_April_2023/Batch_output_Transit_r5r_wco2_parquet/Helsinki_H3_r5rDI_B_950_wCO2.parquet
Helsinki_GTFS_April_2023/Batch_output_Transit_r5r_wco2_parquet/Helsinki_H3_r5rDI_B_951_wCO2.parquet
Helsinki_GTFS_April_2023/Batch_output_Transit_r5r_wco2_parquet/Helsinki_H3_r5rDI_B_952_wCO2.parquet
Helsinki_GTFS_April_2023/Batch_output_Transit_r5r_wco2_parquet/Helsinki_H3_r5rDI_B_953_wCO2.parquet
Helsinki_GTFS_April_2023/Batch_output_Transit_r5r_wco2_parquet/Helsinki_H3_r5rDI_B_954_wCO2.parquet
Helsinki_GTFS_April_2023/Batch_output_Transit_r5r_wco2_parquet/Helsinki_H3_r5rDI_B_955_wCO2.parquet
Helsinki_GTFS_April_2023/Batch_output_Transit_r5r_wco2_parquet/Helsinki_H3_r5rDI_B_956_wCO2.parquet
Helsinki_GTFS_April_2023/Batch_output_Transit_r5r_wco2_parquet/Helsinki_H3_r5rDI_B_957_wCO2.parquet
Helsinki_GTFS_April_2023/Batch_output_Transit_r5r_wco2_parquet/Helsinki_H3_r5rDI_B_958_wCO2.parquet
Helsinki_GTFS_April_2023/Batch_output_Transit_r5r_wco2_parquet/Helsinki_H3_r5rDI_B_959_wCO2.parquet
Helsinki_GTFS_April_2023/Batch_output_Transit_r5r_wco2_parquet/Helsinki_H3_r5rDI_B_960_wCO2.parquet
Helsinki_GTFS_April_2023/Batch_output_Transit_r5r_wco2_parquet/Helsinki_H3_r5rDI_B_961_wCO2.parquet
Helsinki_GTFS_April_2023/Batch_output_Transit_r5r_wco2_parquet/Helsinki_H3_r5rDI_B_962_wCO2.parquet
Helsinki_GTFS_April_2023/Batch_output_Transit_r5r_wco2_parquet/Helsinki_H3_r5rDI_B_963_wCO2.parquet
Helsinki_GTFS_April_2023/Batch_output_Transit_r5r_wco2_parquet/Helsinki_H3_r5rDI_B_964_wCO2.parquet
Helsinki_GTFS_April_2023/Batch_output_Transit_r5r_wco2_parquet/Helsinki_H3_r5rDI_B_965_wCO2.parquet
Helsinki_GTFS_April_2023/Batch_output_Transit_r5r_wco2_parquet/Helsinki_H3_r5rDI_B_966_wCO2.parquet
Helsinki_GTFS_April_2023/Batch_output_Transit_r5r_wco2_parquet/Helsinki_H3_r5rDI_B_967_wCO2.parquet
Helsinki_GTFS_April_2023/Batch_output_Transit_r5r_wco2_parquet/Helsinki_H3_r5rDI_B_968_wCO2.parquet
Helsinki_GTFS_April_2023/Batch_output_Transit_r5r_wco2_parquet/Helsinki_H3_r5rDI_B_969_wCO2.parquet
Helsinki_GTFS_April_2023/Batch_output_Transit_r5r_wco2_parquet/Helsinki_H3_r5rDI_B_970_wCO2.parquet
Helsinki_GTFS_April_2023/Batch_output_Transit_r5r_wco2_parquet/Helsinki_H3_r5rDI_B_971_wCO2.parquet
Helsinki_GTFS_April_2023/Batch_output_Transit_r5r_wco2_parquet/Helsinki_H3_r5rDI_B_972_wCO2.parquet
Helsinki_GTFS_April_2023/Batch_output_Transit_r5r_wco2_parquet/Helsinki_H3_r5rDI_B_973_wCO2.parquet
Helsinki_GTFS_April_2023/Batch_output_Transit_r5r_wco2_parquet/Helsinki_H3_r5rDI_B_974_wCO2.parquet
Helsinki_GTFS_April_2023/Batch_output_Transit_r5r_wco2_parquet/Helsinki_H3_r5rDI_B_975_wCO2.parquet
Helsinki_GTFS_April_2023/Batch_output_Transit_r5r_wco2_parquet/Helsinki_H3_r5rDI_B_976_wCO2.parquet
Helsinki_GTFS_April_2023/Batch_output_Transit_r5r_wco2_parquet/Helsinki_H3_r5rDI_B_977_wCO2.parquet
Helsinki_GTFS_April_2023/Batch_output_Transit_r5r_wco2_parquet/Helsinki_H3_r5rDI_B_978_wCO2.parquet
Helsinki_GTFS_April_2023/Batch_output_Transit_r5r_wco2_parquet/Helsinki_H3_r5rDI_B_979_wCO2.parquet
Helsinki_GTFS_April_2023/Batch_output_Transit_r5r_wco2_parquet/Helsinki_H3_r5rDI_B_980_wCO2.parquet
Helsinki_GTFS_April_2023/Batch_output_Transit_r5r_wco2_parquet/Helsinki_H3_r5rDI_B_981_wCO2.parquet
Helsinki_GTFS_April_2023/Batch_output_Transit_r5r_wco2_parquet/Helsinki_H3_r5rDI_B_982_wCO2.parquet
Helsinki_GTFS_April_2023/Batch_output_Transit_r5r_wco2_parquet/Helsinki_H3_r5rDI_B_983_wCO2.parquet
Helsinki_GTFS_April_2023/Batch_output_Transit_r5r_wco2_parquet/Helsinki_H3_r5rDI_B_984_wCO2.parquet
Helsinki_GTFS_April_2023/Batch_output_Transit_r5r_wco2_parquet/Helsinki_H3_r5rDI_B_985_wCO2.parquet
Helsinki_GTFS_April_2023/Batch_output_Transit_r5r_wco2_parquet/Helsinki_H3_r5rDI_B_986_wCO2.parquet
Helsinki_GTFS_April_2023/Batch_output_Transit_r5r_wco2_parquet/Helsinki_H3_r5rDI_B_987_wCO2.parquet
Helsinki_GTFS_April_2023/Batch_output_Transit_r5r_wco2_parquet/Helsinki_H3_r5rDI_B_988_wCO2.parquet
Helsinki_GTFS_April_2023/Batch_output_Transit_r5r_wco2_parquet/Helsinki_H3_r5rDI_B_989_wCO2.parquet
Helsinki_GTFS_April_2023/Batch_output_Transit_r5r_wco2_parquet/Helsinki_H3_r5rDI_B_991_wCO2.parquet
Helsinki_GTFS_April_2023/Batch_output_Transit_r5r_wco2_parquet/Helsinki_H3_r5rDI_B_992_wCO2.parquet
Helsinki_GTFS_April_2023/Batch_output_Transit_r5r_wco2_parquet/Helsinki_H3_r5rDI_B_993_wCO2.parquet
Helsinki_GTFS_April_2023/Batch_output_Transit_r5r_wco2_parquet/Helsinki_H3_r5rDI_B_994_wCO2.parquet
Helsinki_GTFS_April_2023/Batch_output_Transit_r5r_wco2_parquet/Helsinki_H3_r5rDI_B_995_wCO2.parquet
Helsinki_GTFS_April_2023/Batch_output_Transit_r5r_wco2_parquet/Helsinki_H3_r5rDI_B_996_wCO2.parquet
Helsinki_GTFS_April_2023/Batch_output_Transit_r5r_wco2_parquet/Helsinki_H3_r5rDI_B_997_wCO2.parquet
Helsinki_GTFS_April_2023/Batch_output_Transit_r5r_wco2_parquet/Helsinki_H3_r5rDI_B_998_wCO2.parquet
Helsinki_GTFS_April_2023/Batch_output_Transit_r5r_wco2_parquet/Helsinki_H3_r5rDI_B_999_wCO2.parquet
Job stopped :Tue Sep 10 16:28:21 EEST 2024
